3 0 166 106 
3 296 102 98 
3 180 29 12 
3 216 32 292 
3 167 244 219 
3 54 282 266 
3 85 53 242 
3 168 241 291 
3 116 284 223 
3 212 230 250 
3 108 128 31 
3 249 217 199 
3 41 146 264 
3 87 204 78 
3 275 271 255 
3 34 121 20 
3 164 28 59 
3 184 40 238 
3 75 239 141 
3 99 68 67 
3 88 172 182 
3 110 185 155 
3 103 82 51 
3 80 157 55 
3 259 222 142 
3 294 295 152 
3 72 111 115 
3 8 14 145 
3 148 122 104 
3 162 202 43 
3 4 50 192 
3 7 158 280 
3 134 207 176 
3 203 64 228 
3 159 243 126 
3 161 258 100 
3 127 209 252 
3 62 254 256 
3 13 268 154 
3 299 236 71 
3 133 27 66 
3 286 26 30 
3 246 3 288 
3 276 89 17 
3 260 11 206 
3 136 170 251 
3 210 197 120 
3 92 160 215 
3 24 117 97 
3 95 61 297 
3 220 163 272 
3 15 177 135 
3 58 191 1 
3 290 86 186 
3 218 195 47 
3 193 298 293 
3 227 23 143 
3 137 109 208 
3 285 48 262 
3 273 253 231 
3 150 190 194 
3 18 114 49 
3 107 73 279 
3 225 6 84 
3 144 22 229 
3 156 237 233 
3 105 42 153 
3 171 147 123 
3 74 10 37 
3 213 119 69 
3 63 140 189 
3 187 101 94 
3 56 269 240 
3 125 76 270 
3 60 131 173 
3 38 283 46 
3 263 235 149 
3 261 16 151 
3 267 25 178 
3 44 70 9 
3 200 138 257 
3 19 93 274 
3 57 201 52 
3 198 83 278 
3 79 90 2 
3 226 112 77 
3 245 287 211 
3 129 205 165 
3 113 139 247 
3 96 5 175 
3 91 124 169 
3 39 181 132 
3 232 45 130 
3 21 118 183 
2 224 35 
2 188 248 
2 174 81 
2 281 289 
2 214 265 
2 277 196 
