25 8890 6879 4635 839 4938 6463 990 6593 2048 536 5692 2859 6167 2269 4521 9102 7449 6388 8558 5056 9057 3343 6148 1562 5046 
25 1135 9411 5744 1904 164 1465 3122 4965 9496 3216 2281 9378 4251 8432 3352 687 2018 2617 54 6166 5290 3727 7951 4927 8980 
25 8670 9483 5500 1655 7567 5187 2673 7048 5481 8603 3776 4893 1668 8247 6225 7032 1017 5325 8912 2131 9590 9668 436 9461 4799 
25 7013 8271 9851 4471 782 7203 5405 8687 7805 8148 4651 4906 3052 1786 2354 6086 6347 784 3183 4943 5831 5972 4886 3871 8517 
25 7468 5902 1984 3490 6316 5628 7633 2810 4767 3750 2309 3340 1834 262 6282 9616 4765 4954 4680 5624 7290 7079 2767 6943 6170 
25 8773 1208 7768 2758 596 3721 5701 2453 3946 9106 8935 5385 5061 6130 7328 7969 2030 9161 7910 3357 38 4161 1095 1084 5790 
25 7227 7779 3160 933 3058 3530 7555 3770 163 8218 9968 3339 242 288 3982 9866 2668 9315 8483 2637 427 251 6158 7568 4018 
25 2384 3381 9974 1223 6966 9392 1256 6082 5134 215 6452 257 732 8969 4191 4748 9853 5468 9618 9777 5560 6368 5652 6481 2408 
25 3654 4098 7451 7637 266 494 7941 8058 7931 9914 9330 2139 2947 539 9400 8887 3344 3768 9352 1285 9069 4474 7184 2623 9635 
25 2418 8086 6924 6942 5477 92 7558 930 508 7142 5582 4810 5958 7753 7405 1477 4361 6227 653 1076 5641 7669 1633 8429 5854 
25 8227 3239 5856 6922 2754 348 2578 5021 6548 1692 2804 7394 1870 4903 6947 4604 2553 3711 2066 8455 4928 746 7863 8735 5476 
25 9121 9291 3891 6220 4940 5263 6013 5968 6218 1368 1771 2137 278 6543 8845 7371 577 4952 6624 6797 7739 7251 5202 9721 3408 
25 7716 6952 1635 9830 9511 3338 2802 9822 6751 9299 6462 3077 6863 2567 3296 8317 1711 1333 5755 8255 246 1482 5563 9277 9097 
25 6252 9187 457 7666 1835 5267 1027 6910 4449 6571 2621 9110 4044 2311 6734 2381 2257 5772 9500 3653 8499 8080 1809 4844 1055 
25 2176 4475 7224 4980 7323 3038 2434 6902 2164 9790 793 4692 510 4878 5793 6175 1155 1347 5126 4151 9036 4134 6007 1141 8770 
25 1178 9670 5818 4686 4205 9209 553 886 1790 2402 2923 134 366 2062 973 2334 2832 7670 9413 6330 9147 3681 1952 9387 8654 
25 4679 1880 8978 284 8766 2473 8938 3735 4247 6120 6406 6888 5243 8524 7886 3960 5823 8196 2953 7989 9875 7577 9061 8043 6257 
25 719 3168 7357 8351 6498 5799 2011 799 2025 2534 9421 9072 2175 2721 1885 7982 1007 6351 8977 4215 9814 8195 7073 5413 9860 
25 6321 2278 5510 2896 5719 9171 6946 6121 6596 6905 2177 1073 239 3495 5360 609 1385 2029 1032 5775 5787 9676 5407 8641 8057 
25 563 2507 8277 4065 9951 66 454 6491 5062 1532 1513 1307 7521 4359 8971 253 6079 7893 2195 3288 2798 8275 1903 3863 1304 
25 3647 8071 328 1276 1797 3057 3451 458 509 7414 5532 1286 6861 7708 7875 500 4678 2232 6500 5634 7744 16 6112 9383 759 
25 3321 4882 874 492 3795 6584 4415 2969 7691 2622 2228 7094 863 9175 25 6372 7155 8388 4110 3658 4199 8943 7950 2880 3218 
25 7948 1815 5954 9286 2639 1565 4274 2809 4800 4426 4235 6353 5862 7454 198 1011 8135 7925 4306 2070 526 5131 3571 6569 8674 
25 3578 1724 5487 1908 4029 3732 2128 1779 2906 8159 2375 3625 6785 8165 3074 5186 7541 5365 1574 3716 5673 2007 3310 7831 4296 
25 6031 6794 9768 3263 5566 7208 1511 8243 9849 3851 6821 8140 2854 6142 5722 5570 6532 8734 1754 7639 1127 5617 1064 797 5666 
25 3696 4352 3170 2056 3086 2852 6698 9424 7873 3498 5155 2945 357 8387 7385 6055 4187 7851 3153 1577 5276 2064 4310 8168 9545 
25 7109 8587 5307 3786 1785 8167 4355 6659 7872 275 2851 9941 8961 6977 556 2757 2047 1442 9615 3600 5836 1726 8538 6968 3984 
25 9550 113 6304 2346 3615 9158 4819 2260 1176 6722 9479 1123 6187 2876 5805 6077 2085 5053 9713 1708 4061 6872 9210 4554 2243 
25 4829 7711 9306 4867 8995 9761 9177 4623 1643 3673 4899 6873 9862 1094 855 4051 7616 743 9040 3800 3837 111 7611 3887 2134 
25 2015 219 4455 1640 4646 2653 2160 8800 4824 8534 6165 5767 5733 171 385 9788 2688 4827 7450 9149 2629 4054 4286 1488 8098 
25 6039 9626 2106 8803 1863 4585 3098 3731 8316 9607 8963 9247 467 4915 1463 4333 5905 7378 8206 4294 911 5521 8082 6994 8870 
25 6403 4027 1100 5816 9314 4123 6213 9132 2989 2769 936 1395 6542 9363 2254 7056 8776 3804 5671 3071 1086 4700 4813 2773 3480 
25 1105 9925 9691 8464 4613 2217 9731 1947 6156 2910 594 5016 6171 3682 2256 654 4946 7671 367 1390 5555 1129 5806 6840 8862 
25 5991 2429 3196 7867 4245 5584 9842 1595 2898 9882 2713 684 1296 1889 8081 9386 9531 9398 1526 1122 4010 5845 1473 5758 9753 
25 7913 6662 9685 8346 1460 6251 105 4278 5635 2670 641 7626 8127 4789 3503 8347 8972 1703 7332 4401 1112 8205 5065 3620 7115 
25 2736 9020 1529 6645 4301 7692 2930 2693 8326 4221 4818 5172 909 201 4076 1224 6037 1764 9066 9841 1303 314 831 2224 5682 
25 8758 8029 7677 9105 6523 8605 4966 7903 8662 2444 3924 1328 4173 9021 8584 5257 8994 229 2002 6954 5544 8849 4399 2516 5547 
25 7325 1879 2335 7086 4658 9832 9156 4857 7267 4634 4698 515 2749 9193 8569 4001 558 5115 4763 5726 5337 259 2683 7166 9990 
25 9913 3655 6053 3050 5917 9127 896 649 2548 4472 3443 9023 940 7018 2563 9488 3365 8643 1742 4783 258 9340 2326 8091 5592 
25 311 6044 1159 1246 8035 1061 3685 8257 4714 6443 6708 8177 1154 8842 4322 5522 1400 2101 312 8723 6005 792 8858 2794 710 
25 3202 3362 5710 9613 7710 7785 8571 5064 7724 8760 2636 3447 17 8729 3926 2350 8900 2801 4609 1675 4261 5883 598 9818 6721 
25 8878 7709 3773 5626 1627 1346 1864 244 8801 890 1967 5023 4518 7330 2739 5789 2655 3355 2795 9715 4556 6933 9189 1204 8122 
25 9459 6269 3176 1240 4137 871 5400 7837 8051 1715 5340 5122 5102 9162 7960 4900 6687 9672 4837 1759 9217 7946 6514 2847 3093 
25 9449 1817 842 9805 7787 4007 1152 4068 272 4282 9534 9530 1058 5778 4004 703 1775 6577 8315 6017 9660 5024 3641 3172 5230 
25 8184 2589 7428 3866 378 7113 1441 40 3843 1934 7594 6298 4549 1145 1782 5696 1828 5199 9840 6071 5871 3644 3762 8613 6492 
25 5649 6418 4223 4404 3906 7811 5780 8505 2099 8494 3039 6810 8325 9520 9506 420 8394 621 5912 5354 7213 3872 7154 7151 1003 
25 8965 2313 4070 6711 4656 7816 7679 8617 8229 4012 1840 3508 4335 809 8810 6545 9895 5585 9173 1987 4313 2993 9427 2463 5063 
25 3358 2212 166 4826 9064 2480 9868 9272 1820 862 5278 8933 9978 2189 6149 4571 2487 4975 1426 9551 1899 8790 6627 9369 1001 
25 8578 8290 3329 2216 3885 2984 6172 9641 7614 9056 7363 6397 6897 4460 8357 8528 8896 2616 5765 1483 8095 810 8589 7834 8337 
25 7862 1794 3572 6550 9620 6089 7171 9655 1504 8598 3925 282 3300 6859 8336 6054 7656 9455 5297 8794 7204 5162 3734 5312 1718 
25 1563 5402 9412 5120 5511 8353 5847 1644 987 9720 6953 7807 5520 1850 487 7997 7752 8600 4216 5940 3162 7343 3128 298 5857 
25 3708 3667 513 1843 8219 6618 1436 3247 8793 4062 7502 8745 9816 3567 6478 745 9969 827 8678 8818 5580 2946 7524 8541 170 
25 8967 2324 2422 9640 7994 3802 91 4195 3496 1188 8460 5929 6773 7853 3360 3545 2416 4849 4304 36 6207 2628 9775 1576 1705 
25 549 6900 2293 6567 3583 5724 9570 2407 1568 65 4266 6908 6609 9055 545 1022 3223 1413 2083 5450 6343 3637 7476 1652 757 
25 1776 3333 5112 1986 2731 1884 189 462 1037 8063 9785 6262 4000 6714 8886 5840 7233 9892 2638 7850 4670 7938 2103 9831 7460 
25 2735 4411 8629 3073 5650 7479 1160 8610 4206 1448 1911 6129 1982 4468 1033 7839 1432 6214 1927 8781 2588 966 5731 4904 9374 
25 4948 2828 1146 3717 8989 9824 5279 8542 1393 3079 8741 581 4730 4345 9683 1990 503 3725 1274 1354 5613 5130 8722 9782 2049 
25 1192 6361 2230 8434 3225 6024 4930 542 9438 7987 4128 5651 4852 985 1057 2282 7031 8754 4672 4298 4283 7214 8156 5474 840 
25 9927 9090 9267 8915 32 7364 7309 2292 7843 4121 8004 4988 3009 3413 813 9510 7294 8305 3954 8934 9642 6594 3417 6635 2322 
25 4644 789 5746 7574 7075 3194 8118 4879 4561 7296 7006 9490 8750 4218 4165 2584 3943 8592 2533 6826 9339 1812 913 8232 795 
25 7575 7891 5049 199 665 1557 7150 8798 1429 7857 953 6983 6940 9224 7504 8003 9009 9236 5795 652 3702 7044 108 7985 9915 
25 3580 9252 2074 168 7909 1215 2665 5070 576 7763 774 5640 9630 1770 9233 5614 7447 7919 7264 4183 6394 4811 6782 2814 2227 
25 5480 6150 9636 5535 6842 7682 1189 7576 833 7542 216 8422 1649 6308 1740 6758 2590 2860 6835 7181 4860 6285 8278 8265 6750 
25 3090 1228 965 4088 2577 2033 5962 4617 6386 1389 501 6743 6816 7331 4694 6525 4478 4889 9124 5788 7593 8046 4820 679 2090 
25 768 4877 1363 9019 8682 6274 6589 1480 9644 8928 490 1435 453 2414 4974 9086 9188 8561 9745 3048 7660 5252 131 5855 59 
25 7957 6767 2147 7876 1601 2776 5008 2107 1589 3450 8345 9894 7024 4025 2485 8286 3332 393 2792 51 5469 5251 5653 7289 675 
25 6912 5971 1959 601 3341 7665 1250 3901 2374 3845 8883 5694 1277 9153 9664 963 4526 995 785 747 1149 1586 5889 7112 7182 
25 1209 6529 209 9346 8093 6313 5116 6582 6067 2086 2479 7904 2955 4454 2405 9245 6276 9285 5594 6472 8802 9568 18 5446 5848 
25 1560 554 5060 9702 4376 8785 3124 3974 8659 2082 592 9152 8270 6061 1351 7291 2419 5618 9261 4253 8908 2013 6576 9259 9131 
25 9313 7849 3424 1830 8772 921 9263 8018 2568 9724 3610 7879 3473 1857 7619 3419 5997 681 2849 7308 9343 8468 5978 8374 3723 
25 5934 3697 8370 2973 6454 9273 6279 2867 1220 4856 3121 7178 1832 9442 4512 6906 7240 5378 3020 8256 4375 7202 7618 8083 998 
25 3055 3410 3865 5205 7494 7147 3364 4045 4653 3075 946 1682 2756 2644 4529 7201 7571 7003 7514 413 3703 7803 4918 7215 3043 
25 2573 2531 6168 2518 4869 5557 1968 9288 4314 7045 2 2478 1229 5019 676 4631 7747 6937 603 3899 2775 390 4408 9650 3586 
25 6466 3936 9595 9633 5234 8504 8596 2045 2467 1871 255 916 5259 6318 8170 2728 4030 520 2069 9197 9984 7083 3014 2032 4241 
25 2297 8192 1142 8348 4409 8854 9458 7609 9526 4167 9333 7707 6522 7914 2214 3320 3908 240 3728 5079 9689 6096 2259 8332 6789 
25 1273 8787 2520 7465 1201 3940 7746 8820 3767 9740 4272 7788 2994 9930 786 1611 9050 3132 1258 7390 6311 9010 2287 2821 4277 
25 4058 3245 4170 3200 6515 7191 2430 6416 6106 3454 1394 8917 6862 1026 3331 3519 3662 3125 3166 3933 1059 1663 5937 3719 8123 
25 666 7444 8979 6836 8681 6247 8272 4347 2174 8334 8650 9498 3796 3738 2619 1839 6215 3713 6310 7878 5410 899 1195 5494 7375 
25 4758 7064 4200 23 6742 2105 2187 9912 7592 4628 8307 1670 8242 1116 8442 2365 6554 1249 3558 4108 8451 2703 9507 6405 5939 
25 3608 5881 9287 5347 3051 5437 8695 6268 9160 6800 6519 8400 2159 9335 2685 7121 5 9726 362 460 3298 8707 5311 1093 2271 
25 5018 1002 6875 5955 6425 6182 7025 6344 3210 2229 3356 7125 5166 6539 803 8181 2097 9501 7518 6046 4753 2643 7183 9876 1559 
25 1867 1332 2963 448 2171 7232 120 8631 3505 7422 7205 8470 4620 3262 3511 884 5945 7550 6688 3268 7279 1507 3046 2113 2845 
25 8292 8306 3976 780 9135 3366 578 1943 1531 2901 1590 5104 473 8281 3136 6754 5863 620 6929 2824 5935 562 5204 4778 9673 
25 4309 9698 9087 977 8194 5660 6407 3930 2393 8446 2909 37 2017 2358 5383 3707 5893 7050 5438 14 479 1202 2100 729 5449 
25 7929 4717 2642 6475 3565 8245 7808 6460 9632 1199 9358 4264 4746 3142 9218 8427 2239 4991 191 9885 2349 1847 9454 2456 2509 
25 9563 6780 1674 5699 5779 952 1182 6932 4594 7164 4533 5464 3856 3078 1606 4175 4650 9445 7828 7144 1940 6845 2211 2457 1082 
25 2465 3527 9377 3462 1046 8367 709 9639 4224 2846 6713 7791 6339 6813 9431 2873 9605 2569 5528 411 8092 4691 8313 6944 9638 
25 5970 1512 4112 2866 6238 942 3326 6426 3859 7627 5583 1029 6778 223 3917 6490 5118 631 4956 1157 9942 3140 469 6434 5408 
25 6381 4056 1376 2132 5012 5382 7256 9741 2206 3799 9231 1034 527 8476 8679 4439 5807 7775 4488 8056 2815 9771 6317 6433 1261 
25 2519 8698 7927 1200 5678 7092 7278 6587 7362 9298 779 6488 9571 6205 9957 2102 1851 3552 486 8712 4413 2318 4257 7391 1823 
25 5324 9820 4624 6634 5539 8530 9481 8214 6757 9157 3295 3907 2016 3237 3391 7322 2542 1737 87 9414 3040 3002 432 6644 3069 
25 6377 6843 6164 3566 5620 2954 7275 147 2057 8064 3536 7935 6396 4259 43 5645 4334 1648 2650 9016 1367 8684 5753 7410 8120 
25 4435 4536 1970 4665 1386 4786 6719 7169 9701 8109 1921 5117 8817 9651 7958 4252 1049 7480 7358 5683 7833 2985 4996 6917 2840 
25 187 7140 9011 4153 3319 4403 8809 8953 8843 7222 1255 1914 9643 260 4745 4573 4847 2800 4598 7845 6614 5867 5536 7896 7131 
25 1040 2166 3396 4528 2528 8553 8597 2072 7488 9838 3027 3256 8107 2084 1502 7345 4771 2092 5961 8964 1739 9608 5942 7943 6016 
25 5983 3049 1524 9944 6392 5375 2044 2525 5451 8550 4060 6513 4407 812 3076 7674 6145 346 9982 2743 5048 0 4759 56 5029 
25 7657 9046 2143 655 7190 6380 8028 8486 6301 194 6692 90 3808 9091 9870 4389 8045 9528 8409 8608 9439 5926 2730 3255 6210 
25 3147 2296 9556 9735 8768 6809 7762 2359 9624 2037 4096 589 2340 1933 3387 6636 4945 1936 7765 9058 6435 3898 7977 9940 7700 
25 6822 5027 5466 6293 3502 4544 4384 5310 3157 7920 4718 8437 9917 8669 2785 4817 1996 3363 1103 8124 6895 7136 2598 7303 8414 
25 6663 1447 7684 3083 9450 8665 7315 2388 4853 4539 8105 2452 9428 2582 3437 605 5196 4239 8497 5897 3028 8386 667 9850 9227 
25 4078 394 3459 2031 3842 3993 5695 3648 485 6451 1756 744 2299 4144 9621 7591 7360 1401 7053 9600 5207 4226 4157 7281 9937 
25 6689 7455 3067 1143 9871 6597 674 2977 1008 4358 1320 3182 9092 6530 5739 5035 888 1616 324 573 9585 6209 9198 4040 7133 
25 4525 1227 6068 9382 6615 9381 3524 1956 929 196 1897 9722 232 4369 8525 1449 3506 3497 8859 3479 6796 3441 1295 9317 5273 
25 7070 8458 892 35 8059 9068 1768 1051 7926 3163 2715 2614 3178 3861 2524 154 2510 1916 7225 8053 2593 9280 8089 7042 406 
25 7804 8213 1588 2904 7438 2119 353 5995 8401 8599 1012 7510 1322 877 9423 4870 291 3504 5275 2747 8825 3886 3677 4479 4158 
25 2718 7293 661 3475 2442 4171 8300 9075 9474 8186 3689 5384 2213 149 7098 7063 2514 1108 9365 4229 7261 8145 901 5455 8740 
25 6670 477 7546 4405 3026 3117 1443 7498 5998 9998 7368 6540 356 2433 2719 7107 4684 6230 6964 7902 7776 5198 3741 3591 8331 
25 4839 1414 7196 9485 6764 6814 4477 1455 5101 412 918 8576 1988 7071 5136 4176 4026 5936 2120 5691 5095 807 3390 3543 3528 
25 3629 567 8274 8816 6222 7448 7778 5684 7207 1461 2951 1720 3438 3939 9899 7500 4341 6568 9491 5531 4534 1617 2843 707 2724 
25 1757 8489 2784 9297 6526 9617 7383 2315 4074 9908 9026 800 1519 2995 1719 5336 2572 3324 5493 8180 3745 4769 3529 9215 1207 
25 303 1883 3368 1527 1844 7732 6716 4552 8644 9987 2805 7220 9955 6008 2552 7327 1361 5331 3996 4721 2823 783 5596 3522 1254 
25 8477 9649 493 9249 5627 8412 2394 1476 3811 8746 8540 6226 537 6264 5255 6362 7295 9728 6768 3192 7469 9997 535 8211 5020 
25 2061 9985 8713 210 2570 8191 2291 4944 4209 894 3293 924 1387 5950 9966 3001 8907 2038 5200 2624 9861 7888 637 7751 2586 
25 474 7188 6206 439 5303 8379 159 5632 1391 4675 4711 8692 5904 806 738 6528 218 3118 6520 6992 2491 2298 7035 6246 3279 
25 9847 6656 9744 5777 9190 772 444 2558 9844 8988 3154 2684 8299 3399 2093 7622 7852 7607 4737 4462 6401 756 1120 1865 5174 
25 88 7186 6786 951 9477 3636 6630 8413 516 10 9444 3894 3389 6975 2615 5906 3059 3953 3303 2369 5283 1467 1983 234 4350 
25 3607 5615 9845 2440 3414 1487 2675 2220 3173 3007 7599 8549 103 914 4097 9961 2428 3515 446 3720 1549 2046 770 2185 5280 
25 2247 4984 481 5712 152 4990 9035 8869 5074 680 2841 4985 1714 8512 3961 7932 7961 1950 6878 5609 8144 2604 4149 2922 325 
25 423 9251 8548 3816 5107 9202 1415 3373 9911 6203 724 836 8199 2348 6376 9111 4612 3705 5085 2363 822 9746 669 8607 6507 
25 1992 8024 6741 9045 2235 1587 7933 514 9441 2835 9302 6920 5742 7939 9170 5921 9437 8349 2427 2692 755 1158 927 8701 3514 
25 8731 696 8203 5686 7239 4744 629 4828 5105 2104 5804 742 7326 4323 4739 5007 8172 7027 6369 7491 8423 8321 690 9646 5179 
25 3371 3546 3601 3199 7698 1422 369 5835 5250 484 9397 9884 3613 5548 619 6564 9453 4425 6516 5272 2446 6941 6911 7702 4160 
25 606 6654 6669 7206 8253 9537 636 3203 1716 5569 5985 122 1964 9933 8763 8234 2820 2149 4600 1928 7481 5003 2914 635 2691 
25 3442 6502 4184 9575 9164 5069 8667 4834 8664 4734 7090 9136 3893 9237 7786 3598 9924 4719 1241 1144 9540 1060 8279 4683 8019 
25 9619 7864 442 8546 4291 5913 3609 3228 4114 9362 8627 2341 5482 42 9389 6990 7458 5110 5774 1085 68 8724 2679 7017 1318 
25 8175 3257 6410 7580 3119 2857 584 4227 2234 463 4212 5785 9682 1545 7832 6219 9076 5826 2744 1172 2353 7606 6955 4393 5631 
25 6412 9349 4164 9926 9138 708 1846 9238 8182 9826 2740 2024 1253 6928 1941 8233 9081 9059 8474 4284 9426 7349 1301 2221 343 
25 8711 3540 2957 4973 9341 6705 8506 9133 3752 4690 7757 6047 6679 3660 9945 5802 3538 4148 919 9338 7597 4791 4611 7733 4268 
25 2883 7810 1177 9353 6356 6272 9964 6583 9515 6211 6363 5597 728 1486 3525 941 4513 4548 6355 1063 8836 4484 2337 2819 464 
25 8950 3311 3024 3445 354 8951 2661 8244 6699 2370 2438 1130 4660 2197 528 5611 6720 5842 8276 1244 6411 2391 2671 9014 3929 
25 9679 1838 7117 6360 4704 7477 5603 9612 5700 5329 2808 4843 9372 7250 7419 3481 591 8660 270 8714 2625 4908 8152 9637 4846 
25 7965 4796 1530 497 2651 6484 115 2192 865 5486 3963 2116 5986 214 9665 1321 2980 5119 2058 9794 4743 8581 7163 6080 3589 
25 3549 1492 3910 989 2663 4017 7457 9440 9073 5658 9361 4688 970 8672 723 1696 3639 3642 4999 848 7359 2361 7057 2926 3064 
25 5335 1323 6756 4705 9819 4063 5809 7501 5567 8901 83 9943 8115 547 4902 1124 5595 1744 5740 7954 182 2836 9146 4 4091 
25 1138 7198 2975 5757 3542 5679 7513 9264 4523 3145 6726 7750 3072 6829 6572 824 9578 6651 3864 73 1184 1662 8216 4531 7824 
25 4071 9920 2649 69 5351 9645 9948 4397 3432 4453 6806 1882 2204 6948 4572 3060 2816 551 7980 9088 8866 8487 3113 3780 4156 
25 5868 3918 3779 8338 9457 4366 2556 7516 9980 857 6312 1624 7520 8258 2447 1554 1329 3890 3206 2302 2853 6700 2193 7235 263 
25 519 8149 3461 975 2245 1079 5260 459 9837 2710 1781 1047 2129 125 6033 6709 1548 6841 5418 3280 6108 3415 6676 3378 8847 
25 5440 3409 5377 4657 753 643 2797 9566 1431 8918 1420 304 8544 731 7797 3452 9856 6632 6551 1044 6302 7880 9792 5058 472 
25 5717 1384 3989 1997 7382 5952 9505 8014 4046 5289 3436 5350 5000 1920 5367 334 5736 9999 3548 7431 597 5894 1234 1456 1293 
25 6277 6139 9666 2605 982 2927 6784 1140 9623 2468 4073 618 3139 9244 5419 4500 1975 7519 2647 4766 8891 265 455 3928 2530 
25 1097 7114 7373 2167 7663 3315 3434 847 4470 2439 6857 2762 9661 1926 1769 6938 226 2811 4774 6640 9521 5533 1514 6664 1418 
25 5235 1113 2495 9144 2178 4636 9846 1282 5907 9881 8431 8009 6774 186 2911 8469 3634 2890 9032 642 5037 6019 1680 4490 8594 
25 9752 7028 1489 2399 415 8671 382 1297 6793 5302 3186 689 3359 1340 8076 8362 4155 5194 9310 7452 5812 5044 7964 3838 2544 
25 2917 5858 5189 3544 7581 4485 1509 5792 4031 9694 4992 5573 1761 414 6131 8889 1632 7242 4926 788 9873 9703 3718 6087 8087 
25 2432 9402 8902 4246 9949 1553 2790 5478 1048 8007 3474 2631 386 3747 4517 6169 4201 9204 8408 6383 31 1837 7991 7146 2441 
25 2720 6189 3510 6340 7534 4764 9889 9028 8033 5140 8646 1042 3045 8361 9688 5463 2303 1704 7089 5013 4676 4977 6685 9829 2627 
25 9003 1407 8224 2338 8110 6216 7506 1302 9379 582 9103 7588 1035 5220 4210 7976 9839 9582 5178 1954 7821 6323 401 9993 4987 
25 5693 3614 3557 1777 146 1762 5087 5550 4072 893 9205 434 7944 9080 7072 2772 1856 9535 7841 4416 9567 3626 6959 3679 2862 
25 9409 8783 9627 2382 3616 127 2377 8266 6681 3592 9029 4487 3266 8855 4276 8231 5412 7908 8393 1070 5657 5429 5977 5334 4725 
25 6541 9733 9274 3411 2541 8236 8998 821 9754 4087 928 274 7621 8335 2892 3018 1370 931 4146 2194 4179 5242 329 1602 1210 
25 3817 9166 2511 4225 1175 8037 8737 7924 1330 2933 3714 8545 2960 7397 363 3006 7247 917 9529 3803 8501 4570 1403 8363 5125 
25 1269 5218 2711 6718 9738 3181 1433 9031 3476 8293 7440 6423 9988 634 2789 3081 3730 5703 7426 8012 644 8948 5718 8490 6342 
25 6901 2603 9385 9071 5783 1239 5576 2760 3085 3509 3501 5389 8169 5639 8829 3955 2380 4816 6957 407 9184 7617 491 3012 7036 
25 7108 3005 4233 1628 9065 8876 7729 5001 2264 2417 8764 1822 173 7871 1114 5330 1765 8443 9279 7947 7539 3742 8320 6881 8480 
25 2316 7020 5890 4285 2937 7068 8694 9054 6379 5268 3593 4093 9548 8250 3376 727 2889 3822 7105 5328 3488 8503 5159 6241 5953 
25 9514 9935 233 9705 9018 7245 2355 9027 9810 7407 2596 151 3016 7217 9293 1056 9235 426 7 9051 6606 6717 9486 4606 9970 
25 7952 3249 9579 3022 8609 2585 3904 8730 1679 2179 8547 7091 1314 2903 2500 760 2872 9344 6899 8235 4760 5435 4976 6546 8690 
25 9976 8557 6455 7934 9681 5088 8228 4353 121 1598 8906 8903 9821 4152 5655 2549 9756 8117 3941 2529 3744 2998 6045 7424 9776 
25 375 5227 6951 2537 6119 671 249 9516 7564 1842 3221 1337 3201 6755 6174 4336 6001 9201 6690 7836 1848 6035 1599 1088 7527 
25 1803 4873 3092 57 4481 3215 2817 6367 7793 2498 3556 5872 4805 7505 213 6812 340 1174 532 3084 4391 9296 107 4127 7766 
25 672 7435 332 4838 310 529 8860 3896 7370 4667 3645 1783 6122 798 7313 8778 7855 2050 7780 1481 8341 5667 4779 70 3588 
25 3167 19 3947 6563 6729 1324 6197 2314 4722 8502 1308 4092 6442 6790 4754 2150 7887 7139 6395 8005 7437 6986 6693 4506 4592 
25 3307 8932 6159 3740 2323 1733 8780 1872 3782 2373 2844 8749 3150 1727 6697 752 3582 6259 1540 9502 9648 9596 2170 8319 6288 
25 2571 9463 4194 6069 9712 4880 1631 1620 7415 235 3967 2620 5216 6014 1671 6072 7695 571 4178 1380 8364 9956 8717 4962 1226 
25 5192 190 9763 1252 8079 379 9900 5160 1193 6059 6820 6799 9554 7720 9448 6628 478 4436 8744 5145 8924 3260 5368 4641 6221 
25 6198 3276 9044 7226 7628 7901 7745 2191 3570 4821 9779 6281 5233 3299 6504 3342 3764 6887 5185 7981 6291 702 8606 1573 465 
25 1315 2233 3354 3105 7685 1613 6672 6248 7749 6140 4515 4135 4429 6560 8015 5175 9122 6497 915 3766 8942 2502 5485 6 3737 
25 2695 6485 9401 7243 5503 3435 8585 7078 8312 1924 7587 4290 958 9902 9422 5430 2895 750 1808 3464 4596 9432 2940 8137 4013 
25 9675 3236 5540 6012 4396 6132 7693 3623 7392 6775 670 9533 8811 1806 3379 3881 1957 2826 3678 8355 7055 9484 1043 4332 5108 
25 6002 5727 6190 7085 330 9647 6422 3622 1541 4456 5734 5537 1289 3395 3935 7721 8966 988 4972 3309 2165 4364 9120 447 4047 
25 1066 6135 4575 908 3778 8112 1494 2486 9436 8027 2151 3902 8359 9877 974 8478 4524 7306 9921 8625 5096 9493 6118 3400 9117 
25 6263 7993 1564 6128 9182 751 1098 4989 8661 4793 5026 6772 361 6204 195 6736 3897 1089 1099 8706 5932 2196 6051 5819 1020 
25 5445 8302 277 5158 6610 8403 8263 4699 1179 9208 3574 5999 1275 9269 9181 94 2471 9399 4931 7473 1231 7052 5232 8008 7783 
25 713 7687 4196 7870 2654 9375 2076 8062 193 9360 9049 686 8565 2632 3283 1650 3801 7545 9098 3240 4444 341 5964 1826 9172 
25 7401 6404 8832 2305 1676 4605 1109 2884 6848 1470 7651 4136 7734 4663 9653 339 2868 4448 1556 6817 8100 5224 9747 9936 295 
25 1515 4387 8786 8614 9497 225 5045 286 9192 6223 4777 8261 4075 4578 8954 7598 2489 3852 764 9373 5127 3533 8488 7818 3724 
25 7561 3651 2751 7380 1684 595 3785 8956 7817 6696 7077 1905 1690 4876 748 8241 179 9695 6109 804 3492 3612 540 8808 9281 
25 6831 6544 2198 3375 5352 4713 6956 8815 7659 1612 2863 8775 9112 8077 1672 1925 5084 8531 3252 7523 7348 2161 4339 8138 7111 
25 5300 3990 2782 8285 6446 5409 3709 7907 8638 7918 4569 9716 3763 6552 2215 5346 628 2701 4480 8208 2460 8222 4126 4057 3120 
25 7499 6740 608 6021 7442 5366 1942 8560 2397 6684 7689 3416 7285 1450 2003 5568 3385 903 7022 9525 429 5399 7350 430 1569 
25 7119 8158 6327 4003 761 1902 2753 3146 1787 8366 7262 7655 3141 7321 3628 983 5648 3297 237 7487 6701 4861 2423 431 9906 
25 7475 1609 2401 9696 2060 6989 4089 7812 1069 9000 7755 7529 1050 4258 185 9699 632 9174 143 1437 7540 7784 2411 86 4292 
25 1335 7329 2288 6517 881 1537 4958 8239 6930 2931 8108 5442 8061 1749 3337 9017 9519 7979 6408 6723 1128 5051 8580 4320 8147 
25 700 1170 3739 9628 9130 7135 3062 2875 8952 5556 8911 7570 4647 996 8680 2965 3431 5574 5884 345 3486 6788 5735 1972 4553 
25 6815 1406 9255 6076 2635 8642 9357 4147 1466 4608 4357 9150 3832 7582 8844 3361 5270 2387 6040 1582 6015 955 579 1892 4338 
25 8708 817 5887 5957 4914 7162 1325 4884 5879 8799 8755 9278 5925 5956 6469 9762 9991 3670 5461 7495 6097 176 8647 1439 3619 
25 3693 1855 200 856 9100 1349 5910 550 2557 5256 3661 3115 3650 7177 8632 2155 5706 7304 3226 4934 5246 4180 6384 7001 9304 
25 3253 7156 9965 507 1491 9364 177 3258 1117 9734 1702 4590 4430 7292 2283 9910 4492 1895 879 9772 4466 7603 437 7789 2848 
25 4742 726 1995 4202 8796 9232 1985 9896 1799 1861 3070 7195 6858 7646 5963 5483 6162 858 7589 1506 7484 1408 9909 1472 1646 
25 8329 1773 3603 4733 6480 3477 9070 8686 6134 9321 67 4198 5308 7802 5183 3516 4740 9904 5338 4037 1552 60 1570 6258 3313 
25 9084 8630 1869 135 4297 4749 8804 6163 5317 8450 4330 495 8593 9275 53 7608 5759 1462 5144 4707 9013 9223 6470 2312 3562 
25 2920 3294 5369 5663 1922 1369 2360 174 3874 7806 866 112 9686 3844 7661 3523 7258 564 1360 7827 4269 3942 6876 2138 5504 
25 4094 5491 211 8554 9180 2900 5844 8727 808 5208 5470 1818 3962 7551 6286 8354 3198 6427 5236 2251 99 3003 6093 5057 1139 
25 7429 4048 9109 6413 3420 5457 3532 5221 538 8871 5005 2390 77 4963 6561 8522 3485 673 6050 6217 228 1479 1642 3781 1343 
25 622 9405 8254 1233 2999 4317 9952 8981 1639 2042 5379 9783 1235 4423 1763 7420 8417 5206 323 9857 3254 1350 9024 3347 3110 
25 4214 1637 4935 615 8042 3439 6359 1257 1197 9001 7148 4770 4464 905 1423 4579 8944 7895 6889 2562 9243 6573 1699 4568 8941 
25 5497 1438 6536 6744 3112 3190 9151 6999 7381 2034 3137 6102 1078 2190 2499 2871 9825 167 373 8765 1213 8834 7996 4909 7986 
25 5299 3758 8968 2825 6591 4541 1862 2948 9303 9420 2546 5704 6436 4982 5984 7012 878 1268 8677 9891 3914 6250 8282 7311 231 
25 677 2053 8328 4920 6402 7636 1081 934 9859 8125 7384 9337 1516 4382 4597 7175 2974 5707 4577 4668 8238 4728 6057 1522 2897 
25 8310 4208 5006 8823 1913 1181 4756 2156 8160 4654 4486 5139 9718 9774 7549 1373 6626 4671 2727 79 2888 8888 9169 6052 3812 
25 1005 3826 4507 1111 6538 7912 6657 7830 2796 8491 5067 9366 6833 766 1974 264 4381 4342 781 4983 1868 2594 6334 1137 8185 
25 568 5562 5771 8868 9872 2831 4724 773 716 6678 9658 3748 1538 5552 6224 9047 9587 9760 6524 6417 9692 8352 9797 749 4145 
25 117 7889 7248 3875 208 1294 8101 3278 1248 7065 6600 693 8532 1382 6777 6588 7652 2674 1520 1225 4510 762 1544 5874 7472 
25 5086 3596 4815 7874 4101 1352 7456 715 5709 9574 5411 9460 7522 8821 8248 7835 7367 4923 3177 5924 5822 5833 5239 3284 5225 
25 9707 7612 9869 9757 3232 5837 2362 5967 5909 319 3161 3828 322 875 1853 309 1243 8568 4275 6194 6011 5685 8311 6595 9380 
25 7956 2424 9282 3108 4854 9134 8970 2108 6885 6437 754 4682 2990 1743 8975 6637 4708 5315 8756 7324 7074 9773 5659 5821 8527 
25 8640 1784 9469 640 7492 531 4858 6677 4689 8134 6116 923 5080 3130 1187 2012 1578 5223 9099 6335 7955 188 9749 1454 638 
25 4601 658 1267 95 895 9262 3751 1309 4557 9328 6495 7101 3489 2678 5850 7486 6759 5277 5745 9443 8479 4896 828 7881 3259 
25 9140 3640 8574 8653 2181 380 5193 9408 355 6345 1283 1525 4710 6608 9318 8623 9903 9356 9995 6477 8251 1658 8726 424 5859 
25 7861 3197 1023 7236 8155 169 7118 1561 7573 8551 3428 8748 2956 1493 7388 6256 6531 132 8769 6183 4509 3275 2252 3665 9354 
25 4008 1860 8440 8940 8187 85 3624 7532 1428 586 6184 2768 3212 6996 7706 2027 6400 3217 3937 5669 4563 7722 6147 4311 3994 
25 8703 2026 9813 1685 6357 4138 2966 4939 5878 4787 543 4591 8993 9079 8252 1906 6315 7254 5776 2822 3814 3797 9220 6242 5173 
25 1305 6884 8563 2036 2250 6967 8378 5702 1045 1748 7266 9163 3241 28 2560 5339 7890 7892 7774 5489 2339 6991 4308 4883 1653 
25 4494 1605 2690 6029 2997 1232 967 4163 9789 5301 2308 8304 1402 3674 8738 2555 7200 7868 5989 1039 4434 6348 1147 2073 6613 
25 8102 1024 2455 1994 6438 1686 3531 5969 1791 6253 1980 6234 1976 72 5754 3820 1673 4755 7644 8066 299 4041 9123 3500 3204 
25 5860 6735 6765 4666 6244 6336 4400 7515 9659 1411 7009 4168 9748 2396 9801 5607 160 651 3695 8663 3957 301 4905 8327 8618 
25 306 5808 212 6058 4024 7916 4971 7680 523 4340 153 4950 4626 2285 9572 1265 9855 3467 765 3248 6193 2908 1287 7393 391 
25 9325 7398 4080 3594 6886 4643 4356 8510 2645 2272 3328 2595 8833 5575 8201 8697 2199 8461 8634 2726 307 8183 6212 3850 4750 
25 3855 9347 8207 8133 8795 3784 3746 4895 1104 6866 2535 6042 7153 6018 1707 1190 2367 5762 8733 630 1118 6390 4795 9614 5370 
25 4379 2738 730 5226 2787 2706 3694 7103 8819 8017 3672 5908 4190 6117 9509 7995 8202 8322 2759 3882 9787 8572 9711 4446 4929 
25 2135 5237 8573 1000 3789 7990 5298 1710 8444 395 2765 2153 433 1291 1136 3272 5128 7244 4402 3189 1935 6373 1452 3559 6748 
25 2949 9406 7638 6474 7883 9276 5764 76 3691 4981 6625 4543 6604 9828 2351 7923 1890 3034 5488 4052 6621 6665 4445 1962 7252 
25 1978 5387 9030 950 4645 2613 7971 7081 8193 7525 4009 1551 7265 9395 1706 1237 9522 110 2723 7317 9154 8508 4723 2200 8582 
25 6783 8484 7792 4064 3807 1459 7274 1101 7366 8511 6240 6891 7528 1444 2712 6337 6661 8287 1270 9986 2564 2145 937 8308 9677 
25 6916 864 3068 7602 4659 9678 3507 2515 342 6235 3213 8601 7819 4565 5181 5195 2778 3019 8389 7859 4508 3995 4476 5900 3825 
25 7928 1013 1030 802 8788 9923 1016 8237 1896 7900 6728 2506 456 3367 8828 6869 5832 570 925 3388 2704 2458 2300 392 9334 
25 6228 3760 3017 7337 376 5642 4441 7604 7493 6880 5472 243 8200 8873 1409 4102 4022 2028 7241 1445 6341 948 5294 1909 3643 
25 4059 7320 3188 9625 9751 7096 4331 6727 9370 4204 6292 2344 6574 7699 7854 8050 5109 3382 6278 5784 7416 3950 9793 2609 616 
25 5245 5721 47 2412 2041 3345 1583 4244 7194 9230 2051 4483 8415 8314 7966 3158 9253 158 8837 3633 4231 8369 383 4897 6458 
25 1543 4583 4863 3605 2409 9710 7066 7984 7760 4394 8492 5689 5292 8992 9471 8805 389 5190 6049 6725 8923 1180 6973 9700 8375 
25 6807 4693 3833 1755 607 3970 8038 1299 9950 3757 3550 7635 1953 7179 1836 6385 4182 89 9599 8716 2976 2219 5760 7459 2755 
25 4150 2538 6547 9549 8128 81 4798 6579 1417 2241 6447 2400 8621 6556 3521 4732 4385 1807 4599 7826 1645 4324 2698 1898 8163 
25 9305 3579 1339 1 8034 3775 2330 5941 7145 2089 3267 4845 4419 8946 4452 2454 6091 5492 5834 1404 2827 4418 5896 9396 2664 
25 7399 7180 4629 2981 2952 8806 6893 8164 8026 3547 2504 1217 2231 8779 1171 968 5680 7970 6732 9606 4545 4162 7219 9241 8154 
25 3555 6849 2118 417 9037 2240 1211 6882 8103 8624 2345 8872 5320 1796 4234 2971 9750 706 3179 3868 8454 421 3369 1312 5665 
25 9888 2942 5748 9254 5291 4593 3839 8023 9322 7630 7865 2144 8997 2004 7095 3312 829 6233 7756 6065 8515 1419 9781 3858 6271 
25 8962 7287 4910 267 381 2732 2386 3394 9324 6181 5314 7298 5625 5729 8583 8875 124 6549 1571 9417 9266 1728 9764 4451 1300 
25 3030 3575 4421 6186 4709 7548 2640 9228 9482 5527 5133 6415 4032 5558 972 6860 588 8466 9125 4530 1751 6521 3042 5436 1547 
25 273 3138 6804 6338 5495 8523 9604 8987 1292 4840 4747 6617 8129 3841 1163 7921 7238 8457 6586 960 7664 3180 4424 6060 7937 
25 4618 8736 8448 7737 4652 9033 691 943 1271 776 3699 5168 261 3484 2242 4370 9093 6144 3131 5028 1495 3460 6465 8424 2055 
25 3156 7464 9316 1508 6985 660 1859 2054 852 561 5417 9706 5249 3061 227 9807 63 5414 3407 2262 1374 7395 4267 8396 20 
25 2869 4781 530 3191 1667 5422 9817 3155 3421 2599 1681 1753 4632 7531 8567 1183 9034 2579 7067 4390 2450 1938 5616 1939 6260 
25 3444 9452 7406 9042 6927 8973 8373 8984 6838 7712 2526 4898 1065 4621 6847 4166 1657 3998 9115 4422 6032 7412 7069 2540 8700 
25 7040 5903 3317 7122 8445 8742 4249 3305 2023 6839 7701 9767 9480 449 2294 2687 6557 2469 6084 882 8036 1133 3688 3656 3289 
25 9393 7379 4661 7277 2077 156 826 8099 5708 7610 4916 8284 6846 7800 9416 3336 6660 2761 4380 5960 6349 2905 1278 7138 8556 
25 4855 8459 825 3680 9118 2126 1738 8407 3425 613 9351 8153 3101 771 5525 8162 7578 2022 2707 2096 5322 4901 6998 2019 2225 
25 6724 9996 6245 5668 9116 4344 3867 7764 6909 9141 3282 5502 1789 1999 5681 7333 5327 7030 9107 101 4808 9290 9569 962 247 
25 734 7129 5553 1949 9492 6643 2543 9553 52 8721 7062 7007 6505 9295 7844 3000 2111 2575 8982 9271 5869 7813 4741 794 5720 
25 6695 9052 4154 9104 6023 97 4497 6562 7822 3561 2580 4325 1629 5274 4262 2091 207 4192 3063 1575 2080 6358 5077 7537 3857 
25 3869 2123 5017 8991 1555 6346 254 4302 4772 688 9994 4947 1316 6025 682 4505 4655 5946 9048 1185 1825 7297 9977 9214 3021 
25 4887 7210 150 984 4035 8030 3418 5394 5386 202 6231 3487 9185 5157 8161 6827 5114 7128 8658 8114 8267 9552 2961 7772 1247 
25 5769 902 1010 7572 5674 2696 137 5211 6104 9015 3449 4351 7978 6431 7280 1092 954 2699 7059 8894 7427 5599 7742 6073 8178 
25 8518 4520 4006 7690 2551 9981 1937 2395 5076 93 9880 5180 5052 1666 9958 2088 2459 6837 8619 1242 9622 1014 2172 6266 5944 
25 4090 8262 5282 7453 1626 7425 4420 1458 30 4550 338 5810 600 7741 1358 9211 569 9973 8985 2014 5749 9960 5047 5714 144 
25 3988 7230 5425 656 6739 6026 9962 2095 5919 4086 4365 6926 5705 8294 8920 6030 2342 6328 4271 7544 5075 2764 1579 3712 2597 
25 7463 8792 854 511 5830 7856 5100 3798 7361 5670 5143 7507 6629 1546 1025 1596 1151 9907 2968 8269 2879 8398 302 2280 7161 
25 769 2714 7613 7884 6762 6280 3824 3621 402 9221 2633 2268 7106 6249 305 2708 4822 3706 4367 9008 6482 9390 8371 1958 976 
25 6745 1651 2626 5602 5344 3102 4300 4937 8904 1656 5523 5587 733 9359 3091 668 3810 3889 1153 2574 4337 9690 1581 4177 3286 
25 4637 5743 1121 3116 611 2209 9265 5033 2125 8826 8428 6444 6414 6803 9350 1717 9323 6918 1795 4542 6153 7087 7228 4281 5629 
25 9216 3193 318 4450 1693 3205 2275 6746 320 7866 4378 7615 8591 801 841 8013 5078 8358 8762 5467 9808 7039 4220 1931 3386 
25 4377 3104 2539 5182 8298 8882 1412 396 5323 4642 9983 283 7402 8495 8221 1375 8771 7336 5781 6468 9931 763 5825 790 8350 
25 222 7553 4833 419 5428 617 4792 7829 3135 4685 4055 4949 5512 7583 1485 9989 1505 5397 9178 4574 7676 7369 845 8897 8535 
25 4307 2079 4848 9654 2140 4326 6832 3754 7483 912 5976 1854 999 1827 8936 71 9367 1156 6792 8626 1366 5439 5395 5798 8210 
25 920 4511 9186 1500 2180 6270 7014 2630 6769 2063 9085 7781 6823 8628 9060 114 6935 1238 7478 2716 8142 5581 2421 7011 4348 
25 84 8020 9806 8856 6686 3482 8782 1930 3491 6642 9758 5561 3330 9886 5980 4835 3587 5916 2855 2807 5138 3627 3848 3860 1019 
25 6706 7512 7648 9464 6009 2771 8990 6178 5380 4043 9139 2244 6020 7417 7897 6675 6691 1196 6761 3143 6448 5148 1052 8106 3985 
25 4842 8073 206 3602 6512 6062 1475 4802 2043 3992 1383 2237 9148 4850 4036 8885 2481 2803 1878 8639 2474 3971 9669 1951 3664 
25 957 8848 9559 290 7034 552 4328 7794 777 7647 3323 5097 8049 8068 7848 205 5363 3806 6428 8899 4458 4519 8385 6603 7173 
25 8088 699 8588 5756 8188 5374 7037 352 6090 7120 4473 7718 8931 2950 6620 7942 7511 6766 404 3302 9953 3422 8959 4522 5415 
25 297 5213 1221 3114 9737 388 374 9089 3271 3846 3595 2861 8141 6763 8812 9119 2081 8230 4797 1607 7423 1074 9168 6350 4120 
25 1833 8739 5214 4020 6398 2919 9234 2885 365 2607 8958 5313 4978 8197 1164 7767 2127 7033 9468 725 6107 8130 6273 1290 9532 
25 29 3148 5089 9512 8529 46 843 3469 9143 6963 8516 5715 4237 2462 6511 604 9786 6010 351 6535 5296 2592 4049 6853 6997 
25 2356 2641 3512 7554 7809 907 3986 5915 544 7259 5073 9114 6137 9629 1618 9327 2496 7625 62 5423 2746 8397 5342 5923 7058 
25 4894 2536 8784 6503 5815 9836 6333 6161 2052 6201 5391 7189 4217 9447 4289 735 7396 5392 8777 7963 2301 2806 8 811 2770 
25 6961 1421 5636 5054 3047 8761 1700 1004 4406 2332 4851 7790 1998 470 1750 4674 9108 6232 9603 9465 3683 4354 1377 7123 5398 
25 1664 8586 4630 3966 633 5994 6237 6056 4784 7967 3847 6043 512 2398 1469 3412 1811 8084 8853 3100 9391 6070 2376 4695 7641 
25 2986 1372 2112 4141 4913 6066 74 3646 6915 7949 889 8343 2148 8381 104 7675 4222 5254 4193 440 3978 5551 4729 6559 4622 
25 2559 739 9602 8521 6969 8176 6971 7080 21 6641 4219 887 6105 3700 9258 7771 8365 2328 6760 712 1991 6598 4140 3518 2130 
25 5885 4428 4349 2425 1222 5622 2445 9687 9167 9541 9407 405 5098 8689 5271 9588 7023 2201 2929 932 8507 2133 2329 5988 4319 
25 268 8104 6003 4782 657 1331 3165 1364 7339 5559 1772 7192 859 8143 370 7299 2448 8570 2987 2372 410 9307 1341 4911 3880 
25 2944 9852 4794 7152 4587 3669 2110 5514 6179 1946 9843 6712 8673 5068 6027 3638 3383 4640 5030 8295 4363 7869 3965 3690 3402 
25 1888 8425 482 1550 39 2385 178 6674 387 7389 129 4388 3979 4321 1989 1457 904 4427 8240 3015 1594 221 1497 2964 136 
25 8204 6877 1955 9680 2939 4607 8324 7940 8097 2722 1741 517 8725 5728 250 6510 6370 9893 2669 8456 5147 5499 1148 8718 1378 
25 961 9473 6192 7579 5601 7988 9539 9082 3997 4625 1344 740 6733 9755 2494 6464 3900 8032 6028 5447 4994 1585 2321 1841 2818 
25 9283 4648 7372 8747 8937 6196 5014 4113 7167 5794 3753 678 9183 7047 4681 2733 6704 3301 6092 2472 8893 1641 8119 5293 7825 
25 24 6658 6125 5212 1365 1745 6188 2184 9823 7305 3948 238 9732 5738 2522 9730 8052 3911 1691 4288 7307 8384 5443 3107 6453 
25 5424 8055 5920 7668 992 5238 408 4532 7490 8767 4942 1310 5357 5498 1068 8399 8002 165 5454 148 7885 3792 9446 9834 5253 
25 8395 1630 3426 4410 8831 5766 9195 9222 2248 7624 3404 4809 8841 6854 5416 9883 3144 1162 3094 8333 2689 3304 3405 9560 6919 
25 8840 2788 428 3325 8575 9418 6962 7562 8072 2694 6830 1075 1284 2068 4395 7272 5286 2932 8514 6592 7283 5011 4731 590 4803 
25 372 2436 9012 98 6078 9159 2115 5608 3031 2141 6602 3251 2413 1824 7820 9312 7060 4169 5588 140 1801 8910 8622 8113 5538 
25 1194 4836 9320 9657 6703 8273 4696 4775 2958 1424 8916 2837 3207 450 8060 5427 521 2812 2902 8132 5895 8879 9765 8463 9517 
25 8520 1381 409 3783 7246 7041 9284 5526 1264 7341 8974 9798 964 2991 1965 6555 9959 3834 2392 9451 7158 8683 2157 3335 1006 
25 541 400 4830 8146 7922 8190 3793 6393 1960 4085 5042 3123 6176 534 1119 647 4118 4116 3056 4864 3604 7953 9499 5876 8171 
25 8342 1090 4761 5888 1245 6753 6907 9388 4866 4263 6578 4489 4993 4535 1821 9053 8846 3884 5676 7705 1077 9129 316 327 2117 
25 1874 8021 6202 3915 6261 6896 1660 2842 3722 6036 4033 4547 3551 116 471 8340 7667 6936 8139 7559 705 3041 3520 4133 224 
25 2591 5359 7102 1430 5656 4555 6850 8945 5959 3854 11 5911 5851 4936 850 3809 3023 3089 885 5800 6440 9656 8404 5931 7093 
25 445 9128 2566 2497 1474 8094 2667 1891 6680 2729 1416 4457 7538 7354 1446 505 7838 4933 7600 8655 1173 8877 7026 9827 5723 
25 3281 6123 2657 9947 6537 2527 4888 1338 3314 9462 8268 5184 7260 6124 5827 5203 3563 5038 593 6074 2490 8380 443 6152 3883 
25 1399 5358 1313 956 6601 7276 3829 8296 7894 2601 4669 8881 8513 4438 7584 1713 2484 3187 3964 236 9005 5839 2610 9811 4374 
25 476 8209 435 1723 1845 2406 4433 7301 1392 4566 4248 5475 4100 7917 3577 1451 5149 1440 2379 891 844 623 5545 8372 7404 
25 9799 5948 2780 9524 559 7010 7773 3909 9319 9934 8688 6326 7556 7273 1165 6229 5505 8405 981 6731 4610 1536 7968 6795 4538 
25 9523 2512 565 3453 241 7263 1725 7271 7221 133 5730 7046 8166 34 8704 6154 4254 4005 9126 3322 4998 6958 5637 1677 3032 
25 9864 6752 6420 1102 986 9833 5713 2612 7474 5901 26 2205 1597 9835 7815 5152 6371 416 3581 2725 7959 7717 8452 1614 1510 
25 2008 4084 9874 6710 2464 7387 5803 1944 5630 8126 8136 4997 1604 3448 1053 8668 162 5153 7526 5928 4129 8602 6993 2238 1948 
25 3149 8303 8040 6903 922 2368 64 1752 7508 5040 1876 9292 5002 8121 8676 2336 3771 6646 5081 2188 9067 4735 9878 2449 3380 
25 5341 6329 2681 9562 8421 3759 403 118 2882 7149 8705 8074 155 1262 2378 3526 8065 3440 2891 4174 8919 13 5817 9736 9916 
25 6115 2006 1067 4703 1496 2745 7445 5009 7754 612 2777 9939 6945 2451 2587 45 3472 1661 3934 1490 3922 5737 3903 2839 7795 
25 55 4885 9078 4941 3701 9564 6319 4117 5979 7823 399 4312 22 9435 2545 2662 2222 3769 4412 1517 2925 3787 898 587 3631 
25 1778 4706 7430 4250 2352 8595 7697 3211 1736 736 614 6387 7798 8360 6802 8496 1678 8633 2146 9905 650 6950 2492 5471 4865 
25 4143 4537 6409 2261 141 5866 7061 2893 7898 7231 9879 9113 4417 5852 3873 2763 5111 5549 1893 6236 1813 8260 3035 5646 2163 
25 4687 4260 3821 3230 3879 9242 9101 8620 5201 9240 4562 7130 5396 7653 3920 5741 3318 6668 8913 6616 8657 3327 1961 8939 9796 
25 3471 1206 245 3554 7211 9394 180 1979 7726 3635 7462 1918 4316 80 701 7945 2331 3096 8752 1798 7696 360 3853 3535 6439 
25 2912 627 9890 3398 8368 4021 9478 5123 281 1396 6138 3573 4712 2709 5882 7302 2988 358 1091 7338 9887 7905 8925 5865 4243 
25 6913 8566 6473 3972 5453 8996 461 4236 3584 9219 7482 2978 4715 4804 7377 5518 1405 7157 3243 6934 2878 1683 5150 796 5501 
25 4346 1734 7631 846 3054 7282 3261 8339 4293 6622 4279 2437 4614 7099 5401 3916 1036 1917 664 555 4780 4077 5055 7335 181 
25 4788 3430 8410 7193 6034 6805 5861 4871 9992 2319 8289 9739 9967 6707 7124 1919 5165 5319 8751 7170 2098 8797 5661 7758 8069 
25 5332 3208 720 119 2059 5050 9652 285 820 2561 2959 6995 3455 2936 3590 7590 451 3956 1877 8685 145 2697 7719 6819 9766 
25 2576 315 5516 8419 7847 7344 7316 6114 5306 1819 3772 1767 7353 3242 6267 5633 8356 7470 3273 7694 8867 6322 3238 9938 5571 
25 157 2426 3991 9634 8955 4371 6374 8857 6808 9784 8693 1534 4067 2279 4560 5490 7212 6284 9404 6489 204 1698 3224 6585 3458 
25 5598 8376 6430 2887 7535 9546 1062 6566 8481 2874 8590 1132 8822 7536 2274 6075 5542 2168 7199 522 4516 8070 3134 9311 4186 
25 4495 4546 5541 3921 1910 1746 6283 4776 8533 3308 9583 3316 2087 1072 3446 1894 3870 5231 2779 2005 4083 9467 12 805 6467 
25 1973 7704 6307 7683 4862 9466 3099 9723 959 2078 8383 3973 7735 2700 6834 3878 1730 5612 1427 2970 1802 1669 7409 4042 1558 
25 5982 5875 1218 5156 5287 8555 377 819 880 6974 4582 7351 5763 184 8720 4015 2267 4527 5321 2503 8433 7489 7436 5458 8710 
25 9581 2717 935 3840 4615 3393 4213 5619 6391 1317 5004 9693 9331 7137 4619 4039 336 5066 8611 5773 7268 3819 9494 1230 8921 
25 5716 109 7249 313 3493 9062 524 9077 6864 5041 3977 2431 1345 2834 1298 7168 3794 3815 44 123 5348 8838 7906 1805 8874 
25 6424 8323 5732 1873 7253 5838 1168 711 5372 4768 9542 6939 2793 5849 9663 2517 3401 418 6419 7485 5459 1619 2253 4790 8543 
25 2020 8435 1186 4558 2781 5043 7503 4159 6157 3292 9848 3065 4265 2996 4727 8732 868 5229 7421 5141 648 5604 6461 7356 8054 
25 5161 6199 697 830 767 4986 9975 2565 1464 4868 4964 6459 9727 5578 8215 3927 6611 5918 5177 5927 3698 5846 6715 566 8301 
25 2941 2742 2783 5662 6399 1721 106 4105 3827 5210 1814 1471 3919 1654 6180 2010 2403 2750 4095 6287 308 1969 7565 1009 6063 
25 7110 7471 8462 2982 5914 4099 7466 3133 8402 3534 9919 8264 5589 3010 1131 5530 3171 1107 504 1334 4172 317 4305 7002 5697 
25 3103 6110 533 1503 9199 2304 6081 7569 4921 5163 1592 1468 5877 9865 7725 5215 2226 6295 9580 2962 3265 7413 9 1758 626 
25 580 5572 9586 7434 3370 2482 175 1709 6389 9368 126 5484 6801 5217 7930 6432 4465 5197 9257 6673 5248 3184 6088 7586 4891 
25 6160 7846 3403 5593 2207 7972 2121 4924 2065 9800 8976 4440 4881 1622 5164 8439 9342 4576 6100 2435 6828 6534 4649 8865 5606 
25 7640 4414 4109 9743 3270 7643 4559 2921 8743 6064 5886 8616 6143 9704 8753 6126 1498 6671 8418 3037 2877 349 1288 7731 4955 
25 7799 8699 1054 4493 823 1355 3465 7915 1198 2829 5262 3392 8471 2186 525 359 6972 1829 33 4814 1398 6441 2606 4716 8022 
25 8728 2357 8309 8637 6305 5853 9809 1259 5176 1071 4038 5167 2284 5747 9597 2371 8839 1216 5151 6300 9260 2307 9004 321 1150 
25 3457 5371 4482 1977 9527 8652 6243 8288 9611 9006 9593 8649 9929 5093 8651 7439 1687 2306 4447 7257 49 7008 685 2286 2273 
25 1735 6558 9543 4050 7342 1453 425 8500 7654 5664 6375 6682 7016 9708 9725 8914 9802 6623 1484 4726 6421 4823 8078 906 557 
25 6965 2748 326 2992 3169 6639 397 4677 3765 9300 7132 5032 4280 2682 3599 1816 7443 1971 6599 5264 7740 8696 5591 8612 2659 
25 6456 9137 3541 6141 4139 2075 2290 350 3372 7650 9803 2461 6565 5106 1388 5966 8709 8537 7126 869 9200 3945 7814 8552 9430 
25 5381 9495 4107 2934 7386 300 6904 2246 280 4499 3 4442 6612 8006 8016 7400 7376 5947 3456 4551 2067 8391 4069 8519 6479 
25 499 1593 5285 7312 6048 867 6331 4491 15 4701 3222 5529 2325 1533 3483 6309 7736 9932 1021 1161 1336 5623 1425 2203 3097 
25 9979 2838 6265 9002 5751 1263 2680 9248 1584 1688 3470 7237 3053 7365 8039 6791 5010 6254 8949 3033 5515 5688 3931 8453 8217 
25 8406 5034 5829 5240 3082 1311 560 1096 897 5768 9225 8010 8539 1572 5796 4960 5022 2255 8999 4922 9922 4752 8648 398 2276 
25 8179 1689 1804 4602 572 853 3657 938 6898 8031 4002 6982 6509 8526 139 9591 287 3087 269 6501 1600 602 7899 1306 3618 
25 585 1625 4807 849 6648 3227 2702 2648 130 5801 4825 6325 5577 4461 3912 1214 6506 7029 9063 8577 3676 5460 4197 3185 8131 
25 3008 9246 248 6000 7209 3952 5899 7197 5534 2513 6730 4368 5565 870 7543 6499 1434 1858 1362 5121 8666 58 1087 1359 6494 
25 7141 3384 502 1272 5124 3513 384 5770 3862 3959 9022 3968 7461 2913 6471 2676 4603 5643 2705 9301 4463 4315 5891 2864 1038 
25 5406 6208 1518 6173 5433 3290 5951 1912 5725 3761 9403 2532 1266 3374 9039 2672 4240 4581 7084 5813 5316 3095 3687 7467 5672 
25 3743 9503 7000 3585 9610 7632 7761 2972 1539 2383 5880 9456 6798 3152 6324 5496 9791 8759 9206 5974 5811 5269 5973 7713 4124 
25 2660 2523 4502 4016 4372 2404 8827 5452 6883 5247 8960 9142 2634 5506 96 851 8041 8604 1542 5432 488 296 2554 9577 4662 
25 9901 5654 9631 3537 1647 704 546 5824 1603 5305 714 8067 9863 3013 8922 6667 717 5403 468 2870 9555 7310 2833 778 3969 
25 7088 2899 5996 3938 5241 2173 8220 7334 1203 4014 7560 6366 5943 7605 6590 4501 1712 8472 6487 5129 9434 2521 3791 6533 939 
25 1866 7319 8198 2470 5169 5082 1695 599 9592 8814 5072 5420 333 6776 1610 6299 5355 625 4812 8983 7051 8174 9095 994 9573 
25 3539 4437 6450 6771 6101 3958 2477 6041 1348 6605 7288 1342 7860 8000 1780 2420 3823 4751 9332 3423 944 6844 3264 3892 1410 
25 7911 9544 6255 7174 6580 4503 230 7727 2040 7672 8291 2109 6486 6382 9425 4238 6949 6553 9601 289 5949 8096 2656 980 5543 
25 1528 5113 5711 6984 1106 646 7629 5564 7015 6987 7566 1501 4912 1018 5281 5898 2666 7596 8880 5146 5814 4189 3611 5265 7441 
25 6607 4959 3066 6825 832 8151 4584 4638 3231 8807 9778 7743 8473 5421 2236 2752 4738 838 6781 2266 4702 7269 2608 5390 3617 
25 489 6851 1326 9345 6133 6871 949 5356 6103 3174 639 7286 9250 4122 8498 3684 8318 1659 1608 9294 480 3576 6981 7601 2813 
25 873 3029 7975 1729 7433 7730 7143 6865 6683 2737 1041 7100 7962 3736 4932 344 2493 6976 860 9898 9309 6496 8430 4185 6185 
25 3025 6747 3830 7172 8615 7411 6094 2035 9074 8926 2501 3011 8025 3397 3353 27 574 3668 8702 7159 5345 1731 7748 2983 1212 
25 7346 7585 1260 3666 161 4256 9812 7715 9667 5092 5364 6970 835 2263 7418 1623 2158 4081 6653 4967 9203 3274 1191 9770 2169 
25 1993 7104 5507 6575 5036 7043 5782 9229 6306 991 695 3159 3233 8390 3195 7973 8392 1760 2182 6508 6136 6979 3836 7533 4103 
25 583 6155 2881 2686 9410 2343 2505 8830 698 6085 9489 6855 5479 1945 3004 9518 5509 6852 9308 9145 2550 3287 5361 1923 9476 
25 368 945 4228 1634 7840 9858 4398 2547 5462 5039 3377 7352 1357 4082 220 3659 7623 721 861 3876 2734 8249 662 9176 9326 
25 6649 6239 5554 172 8259 2602 2270 5099 4211 7842 7645 1031 6655 9348 3777 5761 5638 2347 4131 8441 7530 2583 6978 3749 7049 
25 364 9191 3129 8173 8824 5170 4270 6925 3597 9508 1499 2142 5258 8297 6811 8930 2183 4142 4627 3175 4995 5209 2289 6931 6870 
25 3692 7082 9815 3560 2741 2320 993 3088 816 3127 3494 5600 8048 9594 7723 6303 8465 9662 2488 3348 452 5922 2677 6127 5841 
25 8509 5990 4207 1580 4329 9684 1110 4969 4564 3277 5473 7782 4919 50 2894 2295 2918 5873 4181 834 3106 3715 8482 1701 2508 
25 7229 3334 7255 2916 8111 9742 7187 1166 624 1774 5786 7497 663 9674 787 5288 548 9096 6022 6449 8223 4540 3923 6650 9329 
25 5222 5441 9804 4028 5135 292 3981 2907 4019 5171 692 7999 276 3805 7408 6894 1766 2475 6099 6890 9336 3111 5647 8947 6111 
25 61 2791 5090 1792 4639 978 969 9268 4111 2154 9083 3235 3756 1901 6289 6787 5261 6354 3219 4589 9007 8636 2152 910 3346 
25 8420 6004 8719 6818 645 9475 2415 3905 6960 3285 3999 9867 8863 997 3246 9565 7658 2317 5266 4287 2114 7165 82 9558 142 
25 741 3951 9289 483 9897 1886 979 3499 3710 8330 8212 9709 9239 9212 6314 1621 1397 9415 1793 6275 1015 197 1115 3975 3569 
25 4467 8447 7446 9769 2799 8116 3675 4773 9038 9270 2218 1236 4890 1567 4053 1615 6980 5938 4757 1356 2886 6177 4295 4432 5244 
25 4011 1697 4875 5071 5690 9972 6737 5059 9584 5154 9671 2265 8656 5349 8927 2124 7858 1126 5142 8579 4230 8090 2786 9589 5586 
25 1353 8774 5025 9557 4318 775 6098 5933 4104 1907 7620 3686 3630 8438 7703 2858 2202 7038 466 9854 4968 4785 4273 8001 1929 
25 5304 3849 4720 7686 100 5579 8895 4832 9433 1800 7547 9213 3406 9946 6429 2466 3209 2258 5843 4859 9609 4242 3987 1887 8377 
25 2774 2928 8835 4957 9576 876 7769 3790 6921 2938 5284 7403 1566 5675 3214 8852 75 6095 1280 2830 7681 4383 3652 9717 1134 
25 7877 6493 718 2333 102 7595 8485 3466 5864 3269 9043 4232 8813 8283 5524 4514 5677 2001 9094 8635 438 900 5434 3755 2208 
25 6694 6457 872 4115 2600 5444 1523 3895 5373 8225 4106 5981 3913 815 1167 8905 3151 3733 1694 971 1636 4697 1327 6364 9472 
25 8564 5393 7557 6856 422 9429 1521 8864 8691 5519 5083 279 4925 6332 3704 5333 496 3831 1849 8467 7983 8861 3229 8884 2658 
25 4586 8892 8157 3220 6638 7134 2122 4496 5975 7796 575 9780 4459 5870 2162 8757 7738 7688 8929 1219 2094 9714 6294 737 9536 
25 8189 7116 498 2967 9419 6570 4130 1831 1638 6824 8344 256 4188 4874 5590 4362 5828 3517 5965 2865 6195 9971 3126 6191 8957 
25 7355 7314 7662 3433 4806 2652 883 3044 9226 9376 683 694 4567 441 2476 5993 5820 7185 4431 5644 6914 7563 3080 5508 7223 
25 5343 7284 128 506 7882 2979 7176 5513 8562 6581 5992 4979 7552 2943 4801 6666 2483 7634 4580 1379 8411 371 9371 9918 8789 
25 6633 1852 6296 1963 4469 9165 8851 1875 4736 2935 6290 9355 9470 1535 3788 5930 2071 3726 1028 7054 4633 791 4841 2618 8850 
24 2327 8426 7097 9795 7019 7642 2924 7678 4892 4125 2850 2364 1371 6923 8280 5456 1083 1080 5015 7300 5404 7801 8226 5318 
24 8559 4255 8536 5892 3949 4034 9928 8075 7998 1591 6038 183 2611 1125 6738 3244 7517 1478 3350 3932 9759 3983 6518 8898 
24 3564 2915 8382 3036 9538 4119 294 6868 5188 9155 518 2443 2039 6483 4373 2646 4961 7218 3944 4504 6770 6365 5388 7714 
24 4066 1319 41 8791 3663 5426 3429 4498 2021 1810 4443 6874 8246 3553 7160 347 1732 192 2249 2223 3250 4079 9025 2410 
24 3291 5517 4673 2856 475 4664 6297 7234 947 7004 3606 9697 6006 4762 8436 7728 5546 7992 2136 5791 1665 3671 5376 3478 
24 7318 8715 3632 6352 3818 252 659 5219 2766 6619 78 7340 3813 6320 4831 9598 5987 3109 5797 2310 6631 3349 4203 722 
24 8675 8449 3729 9179 3468 9561 4327 7770 9513 6378 8475 5191 4970 1932 5132 5448 7432 3427 6867 4132 4392 7374 7649 8044 
24 7347 5698 6527 8085 7759 4872 5031 8645 8150 1747 7021 9384 5309 3774 7974 335 3649 1205 1915 4616 1279 2277 6151 6113 
24 610 271 4588 6647 5228 8909 6476 5610 5094 8047 3877 9547 3980 3568 6988 5605 4386 3306 3835 9719 6445 7673 2210 1722 
24 5091 5295 9487 2000 6652 1169 9963 9729 1981 4343 5353 6083 9194 7076 2389 3888 3164 8011 7127 1788 6702 926 1966 758 
24 9954 6200 4299 6749 1281 7777 5465 4907 2366 3463 6779 293 5326 217 814 5103 337 4023 5752 5750 4303 7509 7496 818 
24 9207 1251 5621 4953 4595 8493 7216 138 8416 6146 8986 3351 3234 5687 4360 331 4917 9041 6892 1881 5431 5362 9196 4951 
