29 6975 4049 8366 5134 1560 7845 232 1160 7748 3785 5508 3506 4266 8661 580 669 7378 5081 5212 5078 1696 2461 9306 7048 8554 6012 2444 4707 3642 
29 1566 6021 4989 5345 2135 1961 2167 9407 4724 5822 6860 4544 7830 4985 6716 751 9810 5239 8866 3973 4854 4234 7600 7354 5275 731 6513 7568 7947 
29 9475 9561 1424 544 4824 8910 4788 6299 1888 9949 5068 9090 1919 9233 6457 4213 9617 1495 4162 4499 2676 9574 6465 5981 6943 5711 9987 966 7820 
29 6428 9742 9166 8400 817 5182 6985 1917 5772 2843 8988 3431 5405 2004 9008 2464 8221 461 1623 3414 6019 9775 6848 8556 9924 3717 4698 7066 6301 
29 2717 1938 4392 7331 540 357 4627 7988 9362 4446 3398 84 4002 3303 4862 7265 4328 2425 285 6685 4876 8071 9652 5686 3369 9517 4793 9847 3810 
29 7849 4574 1060 4099 5534 4195 2677 2644 2574 4562 6989 4844 8824 5063 2165 6742 5026 6905 3408 2650 6894 7182 7933 4790 3239 5466 2915 2620 6441 
29 8450 2414 4057 7752 7279 1644 5201 8831 1411 9314 3078 7352 8734 1796 2082 5270 112 3805 4261 6087 4285 9840 1628 1877 6366 4437 2371 3872 1911 
29 45 601 612 7421 7020 7519 7149 7201 7981 204 9919 2474 1003 8482 4288 99 2658 8210 1941 268 1334 5143 3613 2454 4061 1227 5859 8879 9969 
29 5254 9340 6062 665 2570 5308 6554 9223 1167 4031 9260 2062 9218 9068 157 9931 418 1156 9528 8674 1159 7913 1481 7714 8058 2749 8317 6598 9799 
29 156 3145 2803 702 6983 3455 8992 6703 190 111 6715 9910 5169 1261 4011 264 1736 904 7476 3916 8397 728 7895 1479 2885 4840 3522 8360 4678 
29 5832 7313 3765 191 8273 6718 970 5323 7338 5146 4888 4223 7432 2686 4748 4258 3599 4509 2684 6736 4554 5363 3676 8902 2257 8516 9003 362 1793 
29 6430 4661 9117 7394 1175 2085 4553 9184 5911 4577 3313 9012 3127 3705 8883 6439 2466 7889 248 3394 7716 1355 1110 6478 218 2510 9505 6680 6405 
29 4182 750 6931 7120 5855 873 7842 1804 6978 5425 7062 1158 4565 9158 3132 8780 6106 9553 9465 976 4333 1514 7892 7520 7119 4291 6271 7841 8009 
29 701 8085 8657 2777 3410 2201 7203 8679 8581 409 1872 9979 3310 6388 3061 4351 3343 7438 6739 847 8473 8748 5190 7360 3909 5747 4552 8443 1363 
29 6198 8579 9417 1192 2293 1575 4567 5580 1541 3304 8466 7345 9057 8775 4371 6904 2631 4482 1702 8703 3809 8676 6723 9523 1449 4995 3072 1503 7368 
29 820 4634 8543 5462 3735 2352 4887 771 6919 4931 6188 5983 6434 8115 3700 2077 4240 8425 444 9316 2458 5888 2729 4999 787 9563 3328 7697 75 
29 2139 7760 188 5965 9385 1025 8178 1342 7592 4457 8944 2943 9809 3368 6006 7102 9098 5174 2521 2596 935 3270 1966 6799 6688 7478 3664 6974 7364 
29 4467 8546 7494 34 5668 979 7952 2771 1127 1897 4679 8214 5106 6082 1873 2300 131 9262 1523 9473 8340 5576 5792 2383 3157 497 3697 1653 2994 
29 4611 8644 1896 9646 6150 3036 5210 3001 4185 2707 3608 9689 4456 9458 6757 8422 2387 8757 3885 148 4863 8280 4324 8770 4360 2448 3816 6038 2497 
29 1134 5552 8205 6864 4046 8162 4942 7878 4251 8627 790 9983 3454 109 1774 7893 1391 7236 3125 8198 4208 7140 1782 4907 6011 9698 1540 1350 6835 
29 2995 7613 6720 6482 1398 5868 35 9599 5176 2303 3229 4519 2825 8826 5994 5804 6924 887 8171 2272 4725 8275 9496 7523 9759 6532 2516 2968 6413 
29 3155 3902 6214 2482 9735 9752 6766 8790 3182 4388 9562 4374 9072 6728 4943 66 8534 5287 4787 4439 8930 7085 3023 3478 7477 1361 2123 561 3517 
29 7678 4801 4878 3640 9966 4629 5744 6643 1012 8993 1011 2763 6585 3685 2056 2251 7499 8843 9534 875 6131 7391 8763 7376 3111 3041 3289 2594 7272 
29 6507 8724 4797 4068 6030 6681 2018 6099 1802 7078 5603 38 8892 3926 2893 3463 9011 5205 9174 3549 7160 5892 5649 5728 9065 205 6029 2249 4275 
29 2870 2563 9200 6231 4529 2358 8711 1898 3745 5568 878 3670 798 3136 1308 270 3213 9587 7189 2639 8580 6080 1506 6289 8522 749 145 1851 8465 
29 8044 2648 7984 3501 9416 8277 473 3335 1306 3215 9921 7906 8507 2577 8864 5214 4814 4118 3088 2473 2277 2102 897 1112 9353 6203 3931 3059 2480 
29 2234 1817 1468 1140 4777 7482 7974 7467 7316 5843 5297 3298 1172 5817 8279 4167 3961 324 7023 5977 3282 5656 2503 1277 5386 6041 2268 5042 7917 
29 3060 8090 5503 6168 2304 3380 1760 6522 5556 1602 3813 881 5768 4919 1498 4855 6521 6963 2307 2259 4233 9373 4912 3713 9034 6929 769 7178 7348 
29 5482 8698 7946 3339 7699 1907 1677 6036 7927 358 4262 560 8899 5874 1482 3692 1571 9471 8420 761 6934 6825 9691 826 9962 1937 951 9555 7722 
29 8103 3562 3911 9787 9806 8714 6262 3297 106 7835 7942 6252 8106 4081 1914 998 4549 4043 2839 6777 2366 7657 9789 2282 3527 6377 637 3540 7534 
29 9151 1466 5149 26 6382 684 1229 8609 36 5935 6233 4153 9300 3584 628 3495 8996 6512 2026 2192 6349 1922 4121 8818 2095 7223 3645 1001 4300 
29 6261 5524 4794 5914 9956 7485 7185 3326 5223 5343 9973 3548 140 1544 3609 30 1977 716 7975 9239 8809 9132 3165 4326 2269 439 5375 9109 9941 
29 5266 9688 2874 5545 7151 3623 4495 4282 7392 9658 5397 7122 9855 7308 2730 7075 2219 7733 7578 4686 7797 5684 2443 8742 4297 172 8501 4965 419 
29 3216 9890 4757 5815 2756 1239 9147 5596 420 8316 8655 7802 1214 1701 1507 1598 8276 5567 3329 7041 7940 4445 8789 2483 1957 127 2807 9544 9307 
29 3873 957 1348 7689 4151 4655 1639 8737 5376 5074 8013 5647 5803 8686 5048 9609 2484 4244 6678 1850 4668 5364 9631 8985 3450 6901 8928 5897 7492 
29 835 1187 3128 8797 2965 6677 2053 7872 3558 6567 3637 4019 527 7620 9207 6365 6930 4522 2227 5920 3597 7736 4463 808 8749 2329 5948 4767 2504 
29 3353 9440 6497 61 4 1462 7637 2591 9324 2274 1082 3603 6849 6809 1458 7271 4656 8519 1624 967 2688 6855 712 6631 2976 3406 3101 4963 7502 
29 8078 816 4166 4214 1745 8074 4307 4231 2266 2960 7847 4657 1618 7860 1905 5114 9197 3960 9509 6682 9105 118 4651 1997 5864 882 7631 4345 2659 
29 1813 929 8386 4169 2573 4391 7870 1770 2247 2947 5474 1564 8861 3094 1892 278 1469 9551 4202 9911 2543 7034 9569 6 892 9347 5928 5779 6216 
29 207 7256 281 6635 9079 3009 7406 6244 8460 8974 6800 9575 5689 6701 6544 8908 7758 6009 9929 4837 9578 988 3977 2434 7289 891 1295 8265 1864 
29 9053 8184 687 7979 3763 8693 6618 8111 2194 6277 620 9654 564 3464 3828 4471 6991 6466 1743 7573 6219 7862 520 3081 3930 4811 2059 1946 9527 
29 9601 7006 726 6416 3518 6444 7488 1340 6436 1120 4204 1861 3131 8278 5820 693 6323 6962 7079 7624 6383 786 267 4038 2393 2088 8986 9782 5269 
29 7674 3265 457 3333 1152 5251 1138 541 1730 6872 5055 7672 8616 9287 2761 7033 6492 255 478 2598 6004 8557 3699 983 2626 1705 3030 9349 2084 
29 7782 8372 7574 487 7323 3347 2058 6128 3984 9854 3794 3146 8821 7300 1401 3684 3939 5573 4860 2208 1078 1663 7465 1583 4196 8987 5774 869 2388 
29 8786 1387 5608 8566 8282 1123 9540 5353 2797 8904 2083 5584 2397 5306 7919 7171 3605 1858 2128 1164 2750 9245 5019 8648 4416 8660 2273 4708 8636 
29 3187 9960 6245 5113 4415 571 5525 6057 3904 468 7816 7039 9179 9135 2882 6072 6530 263 7628 9512 3965 5250 7224 441 8306 8164 5698 518 8909 
29 8980 3075 534 477 434 4248 9537 7441 4745 6572 4726 3507 5347 2354 664 7053 2951 2327 7040 5616 8301 7266 6455 3948 399 8682 5317 5915 969 
29 9670 3452 2442 9227 3950 9625 3731 9585 6218 9531 413 9529 4892 133 9002 6462 6607 4310 842 5335 7255 1699 296 2778 5795 9912 9358 4791 3708 
29 1826 4581 9957 4802 3762 5705 5126 9406 4874 8783 2799 4168 1436 5691 4723 9421 4737 4893 6058 9693 7211 3497 5319 8811 3614 5950 4643 6390 5453 
29 2758 6956 1734 7309 3953 9937 2569 5010 177 5838 5856 3286 9497 7740 3983 169 2206 2411 2246 6589 3097 767 4210 2109 8515 4532 6435 4235 6511 
29 4891 7566 548 8586 9636 2746 7408 8442 2489 1310 9363 6287 6378 6429 4743 8475 7700 8758 1265 9985 6984 6109 5922 7220 2498 1634 6755 845 3143 
29 3636 4830 1365 8431 1250 721 7572 3669 6874 6523 7610 7195 9116 7549 6208 8597 4125 8133 8082 4786 1357 9086 2162 8192 7332 2834 8236 2957 9212 
29 3766 7901 7787 3519 9984 3680 4183 4377 5739 9436 2931 9839 223 8248 5379 7044 9409 4059 801 3337 8048 3980 4449 9181 9865 9476 4890 825 9204 
29 5876 2146 3533 747 7084 7147 8594 2637 5084 8700 1431 7863 6456 4511 5581 9588 2256 3552 6476 3255 4216 3864 3627 2751 1378 4026 9904 5877 5738 
29 5014 8299 8654 6402 4560 8615 5052 7944 2728 8182 1694 7767 3839 1097 2560 5540 6851 3820 3737 4806 8452 2621 5088 3996 2559 2779 5372 8307 8799 
29 3709 3581 552 8356 2640 6123 9494 1004 793 9220 594 7466 7785 1952 8650 7587 8999 803 100 8303 6937 7017 3521 2302 7154 7804 1891 7608 4539 
29 3448 9594 3681 8919 3268 1515 5796 5446 3882 1304 7955 9087 4696 5600 1963 3525 5531 5631 8429 5103 7434 6243 3712 1869 262 7858 2306 3857 900 
29 2922 5645 7793 1670 273 2555 7022 5170 8000 1007 5749 4047 5282 8390 7702 5443 9047 1403 8156 6270 3964 6805 9193 6103 2721 4695 5780 6142 7234 
29 1959 7794 7096 5537 3582 7603 1055 6395 1149 6630 718 4440 2389 924 522 1894 6146 297 5123 9401 6468 4968 298 1878 4798 7107 451 9918 6614 
29 2038 1204 5952 2693 1422 8701 2439 9898 4953 6675 332 4021 7443 8938 4226 5652 903 3068 8186 1733 5893 2210 3022 2896 8043 8376 4461 9015 8618 
29 2584 9446 314 1139 1505 2049 6452 8365 4205 2001 59 9029 9466 3981 8901 5956 6170 6315 6083 6604 7548 7311 614 6053 79 9030 7470 6952 5211 
29 8346 2766 5846 7648 6284 294 6049 662 8518 8289 5035 8008 5018 6811 178 4148 4538 2485 4056 1426 1561 4173 7445 4733 181 617 4548 6806 3634 
29 1711 4469 7569 1818 2614 1659 1373 1222 1821 1532 5659 7082 5137 7118 5072 7853 8370 7129 8643 2974 2073 269 1586 8088 6222 2308 578 5930 2288 
29 2822 8246 2793 479 7798 2036 1282 7110 3803 7745 7190 2050 322 8345 1146 2372 3837 6850 1338 1101 944 8354 5243 113 4646 6637 5960 3472 1627 
29 5959 2163 4170 6250 5566 2633 4096 185 74 2624 2509 2760 3290 7001 2759 4277 2108 2200 7285 8817 8021 6290 8772 3352 9633 806 7861 8216 697 
29 2921 3210 7395 1205 1863 4156 2359 6359 5302 3675 9067 5327 2124 3543 5606 623 1613 5688 9162 5061 4211 9206 699 4039 6577 4762 5513 4135 7688 
29 7277 9194 9366 7894 6275 4227 9831 9315 6854 4413 2230 3825 7596 2589 5962 3896 8497 3184 1741 9516 3843 8357 4176 7602 5936 6654 3404 4339 1648 
29 5371 5030 2785 2933 8699 9708 3537 3644 6312 5071 3742 6183 8844 3011 1170 1866 9297 7881 3615 8800 4928 6536 6986 7734 4984 240 1727 6830 9154 
29 9106 1595 9037 4091 8083 9115 7327 365 3192 2318 373 7706 4823 3629 8140 984 5790 2975 5038 6199 4203 9331 8010 9686 6408 7968 7029 4037 3767 
29 526 7132 256 3312 8950 309 1674 9745 2680 8723 1668 8222 4100 7388 3220 6540 9323 9046 7428 9946 8656 1072 6489 7601 8803 9535 3024 7806 3748 
29 6812 7545 3361 2512 7707 2401 784 3528 9725 5900 3336 3606 5834 387 7948 1068 5627 1763 9626 342 2787 8136 8905 3438 9253 3760 5609 2585 1154 
29 389 5703 6729 3005 6374 6421 3881 4566 1354 5704 4124 4401 2705 6941 5132 8095 8087 299 840 1075 7170 8923 1331 3135 1287 3710 3985 6217 1177 
29 6440 6227 9104 2205 3612 7383 4278 5138 2541 4289 7743 5501 2276 6780 844 3920 2821 3231 9266 4301 7874 8863 1328 4783 5527 5032 953 7270 9700 
29 9392 8653 528 3560 1964 5086 4903 134 5439 5502 3144 3035 907 3622 1838 4421 5924 6725 5733 3372 3342 5145 5358 2953 3588 9863 9438 9724 5033 
29 1179 4107 8523 4803 9095 5066 5499 9456 9186 2989 8652 8296 7056 6024 7258 6100 3073 471 9928 8419 827 3538 9101 8510 6717 8981 5432 5284 6804 
29 187 8453 3534 598 6910 1016 4858 572 8292 1219 9835 8284 6948 6192 1885 1439 494 5493 7879 4886 4206 1041 9623 8576 8736 5526 8744 4685 3818 
29 1579 3860 4060 3643 3295 4009 8381 9272 927 5183 5429 1548 529 189 539 6743 3301 8321 6958 7634 4225 2471 2856 8542 2214 2706 2041 7153 8392 
29 577 6330 9635 9891 780 678 8281 2745 3905 1519 1837 868 7838 1321 1553 9232 5076 834 1720 6571 6608 7454 8427 2884 2422 6052 3467 6865 85 
29 2734 2091 3693 5881 3331 1260 9329 4969 8076 1370 4684 7108 8455 6010 6399 6048 1057 583 7141 4826 7627 3691 9036 9977 2264 7930 8640 5470 9138 
29 5634 862 3258 7636 4219 3122 7259 5742 2322 9870 2260 3553 7007 6735 4918 6362 407 1906 8563 591 1945 3561 6858 6040 2691 5398 6161 7978 7456 
29 8598 3171 7235 3260 4926 3283 7016 4350 8377 1555 7336 8623 7560 1056 3646 5577 7836 2047 7225 6314 1332 8209 4403 6317 2104 940 8585 1212 7796 
29 3922 482 2332 4769 6620 7177 6816 5587 1657 465 3262 6318 2148 3695 922 6895 9630 3113 9345 5034 2861 622 9167 814 3661 2737 7008 2809 5517 
29 6570 8948 5195 7929 4455 375 2057 2337 8322 2538 5314 1889 5661 2014 5075 5775 7673 1195 8491 6140 9137 8738 7658 6141 1947 8061 8037 503 8194 
29 9191 2830 9868 6155 4034 4018 9825 5506 4589 290 1218 4383 5395 4382 6836 3389 1050 3571 3056 4405 5094 317 5085 5232 8567 8165 3083 3918 2149 
29 8858 9764 5941 6463 653 9907 1203 1151 4117 2415 1096 8191 5852 7150 9923 4139 1927 7932 7943 1084 4982 2764 8127 5017 4936 9064 2031 764 7887 
29 8172 8561 5973 7638 2350 304 682 3151 1707 1193 392 1402 1920 198 2683 361 1383 6877 2754 807 8600 4772 4624 7287 4337 2703 1270 8167 9418 
29 1408 1833 1196 108 2430 593 740 4487 4341 5821 5530 6648 4428 8509 4829 6220 8599 6649 2319 1748 2172 7113 543 857 6490 3457 2789 9873 1637 
29 2368 5160 330 9755 9175 2768 2138 9477 5862 3320 5781 2040 3834 1483 831 3888 2889 1013 6853 1582 3935 5544 8622 2115 1518 6673 9383 4594 2518 
29 3883 7179 1040 9732 3844 7436 8368 9571 4465 9339 2513 7935 4612 7682 1135 234 6111 414 5463 5853 3787 8101 2784 1017 566 2828 5621 4635 4659 
29 5835 3827 7115 5942 4050 3275 163 4116 6473 1610 6185 9127 9222 6174 9796 713 1886 595 5246 8496 5745 3200 351 7128 1981 8880 1105 8932 4347 
29 9058 3240 5324 6871 9817 5724 1076 8454 8793 8486 991 9704 9750 5848 512 6837 8975 4596 1710 6788 154 4537 9503 2340 20 5215 5970 8096 7162 
29 4974 3756 7397 3099 3306 9462 4076 760 3544 4306 9056 1754 4906 3449 1968 9716 9560 5422 5841 1729 1902 8521 9608 3163 4367 3796 4940 1399 694 
29 9435 8896 3119 4458 3811 5020 8293 3625 8517 2832 4898 1799 5428 4583 4813 5299 635 7829 355 4670 7971 29 5316 8363 44 4346 1875 8816 4644 
29 6599 2198 5984 9522 6407 4573 3722 6409 2470 4110 7875 7387 1319 2743 9959 9252 4623 3109 8984 97 7446 9479 2374 4150 3015 6495 6821 3422 531 
29 586 3782 3878 6493 2930 4084 1095 7347 5748 7401 9760 9862 8448 8639 2666 8990 7159 1645 4389 5431 6803 4849 6917 6569 4571 8077 1255 2879 5921 
29 3016 1599 8125 2599 5612 7980 9242 2232 4017 7703 7409 2052 7941 9792 965 3211 449 3085 1190 6469 2455 1859 898 4222 8110 796 5712 5007 9932 
29 4119 6257 6610 8120 4386 6005 2375 3997 1767 2132 8894 8943 2539 6298 9024 1070 514 7365 6695 7710 1065 6391 7490 5599 8197 12 2143 2804 9478 
29 4935 8502 5756 1983 7161 9761 3703 7379 5760 9178 2909 3191 8939 6486 2704 9344 9507 5001 1955 3600 3933 8430 2025 149 2533 5285 3719 6969 7577 
29 2182 9360 4766 3149 6973 5102 7361 8572 5253 6740 8602 7275 5352 8371 8761 2237 1828 9596 6336 9432 3749 5663 1086 6887 4688 9099 4257 2016 9784 
29 3387 9246 2241 4870 6748 2394 9229 8328 2289 2175 2068 1045 3174 4749 7557 1535 8614 2231 2988 7095 1343 3862 2987 5665 8533 6358 937 8180 3952 
29 2150 1752 1712 9685 7890 5416 2429 1245 6547 4588 3362 9247 8691 7321 8915 8362 9264 1654 3371 9846 5623 7274 5776 4255 5536 3355 9161 224 6172 
29 4764 2381 3701 5997 8261 238 4302 2762 689 2176 1643 8047 4376 6908 8675 1416 2216 5331 8291 7398 562 3593 9514 8685 3943 4517 8105 3870 519 
29 4115 6488 4390 2228 5826 629 489 402 3195 9499 5578 1002 8145 6187 6338 7556 8498 3253 5060 913 201 4024 8104 6431 105 9613 3589 1268 6051 
29 8725 2996 9584 5237 5109 9980 2295 1998 2161 619 8617 6590 5281 6471 7112 8942 7546 4645 1366 774 9341 5089 6281 5359 2398 9894 7852 8631 6479 
29 3183 7382 8927 4937 1049 6348 5901 4015 5496 2788 1749 8562 9372 9414 5230 6998 3418 5252 4868 1116 7226 8998 4485 2285 1266 9023 7004 3080 3116 
29 9371 1030 7015 9304 8540 3716 1996 5759 926 3865 1233 6707 92 4423 7276 9666 6977 5614 5655 8869 151 5995 9061 9221 7121 6972 7729 6663 7649 
29 9738 724 4259 8717 1608 5945 792 679 2310 4527 3166 5309 1698 1352 3944 2015 2130 1346 1058 9783 1026 2356 2160 9881 7923 7677 1678 1367 6014 
29 5604 1568 1437 276 60 5783 6731 3587 1253 1427 1256 1825 9309 1147 5152 5356 3639 2379 7433 272 28 139 6583 948 344 3734 6442 1551 4331 
29 3491 7642 5889 8503 1558 6876 4323 3871 9619 3069 2078 3194 8721 412 6772 7069 9276 6400 3261 438 5858 3053 5180 4510 6916 1263 282 5410 2338 
29 681 1359 6879 3385 3524 3536 7910 5218 4385 4785 8325 9412 5828 2463 3054 9325 2462 4054 6939 4853 3736 2159 4848 2732 7604 9041 5591 4771 9346 
29 3039 5535 9820 3618 9073 919 393 6686 8645 4500 5793 9110 3975 6829 6375 7184 1173 5810 7495 179 9357 1381 9819 3426 6784 4580 7837 2217 647 
29 9861 9696 5492 6928 7985 7715 343 4394 9954 230 9420 4687 4952 430 9800 6147 8139 4557 5043 9801 9663 4744 2284 5521 3354 7741 2400 2561 4916 
29 8995 3288 9942 4327 3396 1923 8957 5424 4190 3086 1423 6862 8611 9464 2171 6611 7514 5755 8259 7070 5626 6116 2824 692 7711 3906 2895 126 1766 
29 9189 2847 4122 9699 1197 4250 3443 80 8349 4263 7536 7400 3134 6951 3942 8578 1567 5154 9017 742 5979 765 6501 2177 4411 427 9869 341 9770 
29 719 5130 3833 2858 2145 5360 8933 174 8154 7038 3110 2651 1935 2811 4199 4177 3499 4541 3754 5047 3969 7954 5558 1930 1682 31 7174 2936 5193 
29 7883 4662 9336 7191 4710 4628 8417 6752 1098 597 7473 7334 4147 909 4417 7238 3535 8461 4924 3751 5807 6477 8965 6335 5813 3120 3008 8683 5107 
29 660 9814 2554 6258 4966 1985 5224 9078 9415 3340 1852 2120 9249 2724 6414 1664 14 7585 500 763 6067 5141 11 3706 4459 6008 5216 8819 6576 
29 7138 6791 9695 8778 2860 2144 6221 7866 9240 6515 7522 7068 2262 4546 9334 318 3574 3359 307 463 6568 5339 5785 6293 5196 6667 9971 9860 470 
29 1434 5673 1339 1822 9190 8418 5522 3858 9986 431 391 6354 7237 6063 866 6438 2226 7353 7635 3666 4932 6047 4209 4741 3214 5430 9444 7555 4915 
29 4071 90 2890 7458 9454 215 2391 9753 530 7374 2629 5279 1320 6665 9902 5943 7750 3046 608 3976 4491 3294 942 6076 547 8658 8070 3159 4131 
29 327 5147 7448 7244 5207 158 2468 7751 794 6584 7761 6460 5766 6601 9256 1054 4700 6724 1565 1043 6641 4283 3994 8112 6201 3311 3161 2530 6065 
29 78 688 8177 1037 7442 7992 9467 2774 4044 3481 7614 4127 9007 1870 7114 8355 4693 3376 4475 9429 4245 9402 6694 1546 6828 624 1916 6279 2423 
29 1577 9445 5771 7384 2239 4005 4948 7393 1836 3532 4032 9089 8801 2790 9060 3674 2714 1073 7684 4991 2816 6066 8922 5101 8994 5586 3349 4605 5723 
29 3190 7855 5334 8052 8234 8439 6551 6393 3780 9737 8573 7811 3147 9736 7692 8732 379 1632 3880 7325 2361 7469 8853 7583 2203 4384 1323 8887 2436 
29 9141 804 4754 9930 1053 9629 3667 8577 6750 3176 4062 8808 6085 3771 8762 4230 7626 7273 1656 3550 9493 2934 9945 5091 7542 3607 6776 3913 6632 
29 6781 2156 1956 1036 1059 1217 8834 6817 1777 9733 7243 384 8536 5367 2617 6453 4970 5884 6120 2665 7819 7250 7987 1538 1279 4947 1027 1738 819 
29 3516 773 1330 7060 8613 8549 1093 1904 9084 789 4201 1395 7370 6182 8329 7757 999 8333 5498 6035 797 6852 9539 8777 4138 5548 4516 265 2980 
29 3425 1143 1285 3903 1597 7180 5912 4621 4880 110 2373 7267 334 4074 8135 367 4129 8414 6964 4987 7814 1162 783 4108 2862 9778 9573 9330 4901 
29 7653 2191 182 5127 291 9719 8257 3854 1549 4432 569 7355 5290 3065 4448 7018 1616 2174 7027 7366 2831 7827 4409 7972 8146 3668 2925 2528 4188 
29 3592 8394 7439 6475 2048 5797 6500 4358 1064 9308 4040 7009 1085 3730 6873 6448 9513 9077 7350 5099 9319 723 3578 2072 1305 5650 3279 3334 8694 
29 4172 8339 8934 3987 5910 7723 6727 0 8812 925 5514 1329 8659 345 1452 5373 4051 1033 759 2898 6095 8102 2655 5629 7521 9320 2349 6898 1199 
29 3117 6982 5934 4650 2479 4636 2920 9183 5274 2071 8215 6672 2699 3251 6591 3344 7081 226 244 5444 658 5449 1311 7717 7281 7156 4674 7165 4329 
29 8424 625 8026 6970 1325 4718 5693 9622 5878 5277 3364 7939 6213 710 1552 1114 4955 9981 9726 6875 5866 9369 7252 3752 517 4841 2850 8470 7207 
29 2635 2607 910 5153 9397 9096 3847 3103 1725 5235 4489 3273 2923 9389 7344 5971 6726 4103 3822 2449 5283 7092 9602 1454 4877 2907 3970 3529 3399 
29 2417 9157 9568 7219 5263 3610 1689 4550 8235 8483 6210 4988 9651 4090 153 2225 6376 180 8827 4663 2958 4075 1731 2294 6833 1820 1473 2565 6906 
29 9014 4980 8977 5472 7867 4408 8634 7896 9848 5700 4822 1557 1405 3321 337 6134 8707 6712 2625 19 7945 9550 1183 9022 7970 3779 7839 2296 9741 
29 4189 2517 9460 6655 8936 8766 5166 2748 3465 4641 525 7531 3356 4425 914 9290 9119 7217 9480 9532 8612 5328 5011 737 8712 1967 9018 8268 6148 
29 7318 7229 6754 2459 7986 8250 8176 3486 7660 9885 5547 9502 2520 7712 5504 1457 2697 8158 7168 2827 4154 1107 8302 2250 8100 3057 6496 9643 5255 
29 8141 7047 3772 144 8193 1264 3091 9892 6793 1676 4856 3407 5411 8446 6433 4902 2224 9624 3007 3967 6034 7451 8308 5337 7616 8830 8374 1397 6207 
29 3440 5325 416 7922 9129 3851 147 2242 2064 576 1104 6191 9628 3390 6670 6321 2593 8034 8367 8161 7547 6342 2529 2360 7788 8244 6542 9296 6627 
29 6056 8669 8027 3679 3954 4355 7719 3203 7163 4158 7950 9793 4667 6721 305 9681 1272 4321 599 549 7786 8474 6909 1108 4666 3274 1327 946 1289 
29 9168 4474 328 9797 9076 6657 132 3619 6470 1132 7257 9908 1128 7884 6228 9122 4378 5399 4498 5179 9639 423 6771 8788 2211 8895 2380 7775 722 
29 4904 1824 4543 3921 1124 4175 941 2136 3018 5100 7503 8189 6882 6143 8338 3672 3047 2492 3031 9521 1432 4816 8326 8802 8002 6074 7764 3829 4171 
29 6933 1492 8143 2 9836 443 2154 3281 9781 8238 21 5292 5332 9160 8601 3137 8242 884 5799 9644 7535 5715 9950 5996 2844 3421 6633 2007 3595 
29 493 5801 1805 3044 6102 4165 7087 7915 7111 4864 9690 2502 2076 7809 32 2508 8764 6760 6417 6949 2035 9225 1297 5158 8935 2385 120 4063 2103 
29 4052 1130 446 1700 2141 3266 2840 939 6559 2280 4833 3515 116 7532 8148 7779 4750 303 6792 3466 579 1687 4362 1714 8343 9828 7801 6625 8311 
29 1048 7205 2330 6032 7742 8884 899 5157 2525 2892 7484 6927 1244 3893 1771 6968 6802 6050 7208 1901 3189 3223 9433 4721 652 8750 9580 2719 1635 
29 5046 8607 8971 3919 3907 2126 6826 2410 4193 1971 8391 686 5497 7288 639 9196 5642 8900 3162 9965 1775 3689 3224 4993 5391 8195 2814 5851 582 
29 7937 94 8952 1051 8204 6844 9909 975 200 2955 5222 2325 4410 7242 57 4340 633 2087 6195 9171 7669 1455 9905 2405 3988 852 1607 9163 6575 
29 152 4494 2000 9352 1024 7621 1198 9439 2403 8211 8917 2153 8591 9118 1494 2527 3576 2181 7510 1400 3093 6903 5184 3045 2938 65 8771 5991 63 
29 7324 6152 7251 3855 8053 2339 6566 1784 8036 5763 5322 1589 3314 1223 9996 4883 1511 6628 8233 7403 5165 2377 459 7595 8241 8731 4775 7471 7690 
29 2600 8961 7402 40 9150 3757 8754 4472 8541 5403 532 6224 1695 5073 5220 7615 4800 4738 8495 3012 410 142 7501 1375 9642 5937 9188 6546 4964 
29 2603 8121 4994 4909 4400 7249 6411 9395 8642 8477 6138 7213 8665 1046 5800 2872 5394 4493 923 1970 8212 6370 4336 809 7807 8776 5050 6061 7527 
29 691 9718 3899 3781 7116 4393 6519 996 7317 6097 8318 7771 7429 1467 7099 7172 4438 1 9922 3029 5620 1019 4036 1337 8846 378 8978 2386 6091 
29 3875 474 9756 2715 9384 2236 5619 3513 3341 7330 168 997 8855 5840 3441 4373 4838 354 3539 672 9926 7293 8451 8955 2248 7166 3474 9995 7264 
29 5057 5388 5966 8464 9899 7667 5368 5850 9267 5523 4497 7824 4179 6684 7146 5095 2753 2806 424 3788 2222 7145 7498 4705 5882 5256 1136 2952 7326 
29 8033 8183 3656 7335 6410 4677 8924 6295 4444 7765 3791 6651 1371 8020 7130 3437 2290 398 2723 3445 6913 9468 8632 1716 9208 4680 5374 7315 973 
29 7576 4922 5555 1860 9967 220 2346 8897 7931 8206 7305 636 5441 1091 7058 4146 2292 4010 3222 9294 2081 8881 7897 2065 9900 6798 3062 9410 7010 
29 3153 9038 5209 8624 5244 2137 4093 117 3802 5012 6225 1168 8337 1621 2342 6545 618 1224 7964 6247 2628 3523 4613 2197 9112 7731 5789 5681 9600 
29 7245 4349 1768 3201 5181 5313 1300 4089 9059 5045 5906 8815 7459 1929 9091 9668 8200 8702 7262 6193 1949 542 6899 5342 4381 677 936 2901 3232 
29 570 377 2954 8003 7295 9590 3783 7054 9044 7580 8055 3058 9906 8185 8109 4477 5487 9717 4911 9269 8064 4563 8929 3998 2478 6303 8784 7399 1921 
29 9413 3169 4944 2876 9382 8937 5706 9943 8389 4900 8147 1023 2998 2404 8254 1783 7221 9487 3473 9944 9234 757 9813 3687 3938 4274 4353 9354 2254 
29 9180 5326 4773 4239 2323 9777 8798 1322 7869 2689 83 2122 5198 2984 5426 2949 7898 9776 6827 2580 1569 3070 4267 442 3940 5729 7997 5204 2894 
29 3831 3720 8740 9459 7575 1715 5348 2331 4348 7671 9375 1292 4992 6137 2615 2125 3814 5899 4595 2490 1476 4755 6548 9978 7730 5787 7966 4690 4361 
29 6423 1942 3630 69 6563 4001 930 4356 194 6708 1435 6552 8604 9845 8341 95 4232 9653 8016 1180 7749 7263 2117 9342 9788 9244 2467 3554 5885 
29 8709 4260 8227 7253 9702 5949 1521 3040 5159 4736 4140 1460 4658 8384 1094 5565 1047 985 8113 3761 5788 2190 4265 1374 634 2572 8402 2267 8385 
29 1574 7297 68 429 6445 504 606 3170 9660 1883 5601 2808 5830 4180 3894 2278 8667 5003 7314 8525 2605 1982 2865 5660 1800 7856 7424 2623 9577 
29 42 7175 6265 3694 3367 1604 1412 7227 1882 5293 7472 8159 2080 7005 1504 96 7155 5957 5980 9237 1478 8229 8633 714 5261 8416 9650 4419 960 
29 6197 1831 1807 2012 7543 2775 1854 6446 841 2722 1189 4028 8956 4294 9763 758 2708 1240 9530 9005 1090 206 2905 9291 5985 9045 1991 2956 2451 
29 175 5383 9913 1148 7528 706 9955 9485 2142 9153 1683 822 3686 5782 3028 9823 2798 3884 1591 5362 1755 2476 9063 3559 3859 9474 2481 4978 4576 
29 6603 2765 8170 3951 1429 1293 2298 8488 4025 9126 8358 1723 4547 877 8124 8926 4492 6494 3244 246 1008 3307 1841 4850 3547 4619 9388 6133 3082 
29 3590 8364 8870 5112 4622 1795 7691 6286 943 3784 1226 6997 115 8142 7363 5519 183 1789 4133 46 6605 9744 4012 7505 8247 3451 9731 6173 6422 
29 6190 7639 5475 667 2578 8663 8569 2908 5312 7661 8131 8857 2842 7792 2114 2185 5295 325 4653 1940 2733 6158 1447 4366 717 2848 9767 3808 6491 
29 8220 4671 2152 1772 9621 5654 971 9107 8005 4483 360 5124 8035 4343 4633 958 6714 5464 9779 8098 1157 9472 2597 8174 1333 990 4268 8805 592 
29 1999 3832 9257 1410 6351 7679 4703 674 252 1083 7037 4375 7404 2675 4779 982 5040 1781 3263 8403 7599 366 3688 7228 9576 4735 4586 1099 1445 
29 7148 2351 554 4535 779 8966 8006 7369 9853 2919 6263 3392 1934 3317 5006 7307 2245 17 1684 4649 1284 9379 8739 8032 5173 3197 9841 977 4087 
29 6392 6557 8166 5129 4200 8575 6779 4387 3770 7455 3546 4720 5869 4218 6741 3102 830 7425 8537 7550 6662 770 4155 4681 7192 7951 5029 511 6588 
29 1785 3704 3972 2169 1776 4933 5022 93 8840 4055 8628 5963 8605 4601 1145 9430 6384 3790 6759 7826 4939 3725 4296 9124 7463 1010 2985 3555 2107 
29 6042 3209 6857 5247 9772 9549 5682 4524 3711 9317 2590 2656 2066 4603 4551 8713 2312 6249 1903 4846 5203 2575 2796 7306 7705 8060 6883 5561 6090 
29 9822 9740 8434 8118 7109 7430 2301 6652 8876 7097 5366 1182 5200 3199 5972 4676 101 613 6967 9142 5722 4242 7512 2046 2627 9586 6320 8479 3227 
29 6229 8440 8073 5632 1600 9258 3225 250 6944 1020 1986 8907 8231 4713 4128 214 1169 4453 8271 1296 4253 885 9004 1686 516 6311 9094 7655 9604 
29 8854 9662 7329 1520 6516 768 7375 8264 5406 7651 3330 9332 2852 8094 7035 1052 775 1780 9597 8 4308 8719 1500 7618 7544 5593 4502 6587 7414 
29 9488 3025 5528 874 2767 6822 1547 3651 5105 1317 8258 9952 6646 3812 2204 2741 5880 1973 3852 4429 4220 8342 8388 5560 6745 7214 6371 655 9895 
29 4466 1312 1531 3322 5151 8697 8727 6902 5401 135 6531 54 6719 7025 6398 9570 3650 1502 3718 2696 6081 1362 2566 4608 3649 9991 6722 8753 2507 
28 4078 596 3579 9042 3702 5726 6622 8673 2477 9270 6609 2948 6025 3778 895 5827 9040 4704 2022 3000 7497 8359 876 3727 730 5734 9645 9838 
28 5465 280 4568 1976 6177 2873 6658 9648 87 5355 7407 4101 6763 6114 4157 1382 8972 7210 7961 8795 8570 5172 1497 6086 6415 1071 8270 3285 
28 5500 9727 9591 1590 1080 2101 2609 3556 9327 8588 5350 8505 609 8007 3889 3067 7737 3293 9144 260 8030 9610 50 5702 2505 166 7965 5240 
28 1717 4501 7380 5669 3620 4181 3300 9762 4004 1792 8224 2255 6368 9 838 9424 3409 7570 8379 829 7 5735 607 2491 6169 2904 4512 9192 
28 4768 9692 8415 6003 4976 4192 6710 8873 383 3254 4130 9664 7949 7612 7491 3657 7912 2910 8054 8208 4007 9313 6355 9953 3196 396 7322 8715 
28 4753 5837 2069 1862 1178 2701 4221 1302 6562 7024 161 7423 5259 4986 5346 5978 6768 4836 8199 657 9834 4569 3447 6248 6356 5618 788 7747 
28 5777 9443 8399 1756 432 2218 8865 1368 2562 9203 1516 1867 2720 6129 1856 3470 9683 2299 1471 9711 8059 3739 632 9886 1396 5161 2099 283 
28 1572 7511 9202 8130 8471 7144 1131 6309 739 5976 9526 300 7990 9279 8871 4815 5187 3594 4187 7067 4675 2317 6560 4369 2731 7090 3633 5988 
28 2772 2297 3051 2971 3696 1430 8050 2313 9457 8123 6357 8755 3635 7509 2424 8283 4525 4752 370 7241 6107 242 880 88 7100 5491 9152 7996 
28 2849 3076 1556 7864 9612 9489 4795 1440 4079 6795 2891 7525 2685 1406 3152 274 52 6343 8973 776 3617 9603 1669 235 6920 103 7921 9556 
28 9049 1573 4507 3324 6815 3292 4722 7296 8914 6084 7209 6238 3095 603 4776 4839 2564 8155 490 8312 1984 2438 8716 6907 2054 3979 1697 9827 
28 7833 811 8903 1275 9120 3411 704 150 5887 6606 5412 6976 916 2235 2845 4335 2364 8847 2420 8380 1234 9649 5381 2926 7791 1015 8548 2134 
28 602 2086 5653 7698 5456 4639 675 7675 356 2511 4782 8967 1948 673 7882 2060 6078 1640 1286 5194 155 284 3154 2376 8409 6068 8298 1791 
28 7080 9213 7871 6363 6790 4286 1750 4273 7405 871 3228 2116 1303 8038 3801 8982 5643 588 7333 5087 7057 3726 372 37 8018 7553 5489 4418 
28 7643 6543 3937 3867 4123 8108 5351 1194 4889 1242 8089 6999 4430 58 8378 4424 9525 2660 7732 3178 4198 1153 8188 3351 509 2501 5002 7899 
28 8946 405 1067 7449 1465 9721 236 4734 5301 7304 9720 2382 9228 9694 245 8373 1376 5692 8107 4441 959 1617 7619 7074 7508 1601 4556 3188 
28 2223 5944 3460 1442 3707 605 2710 8001 4630 6344 2867 5701 8666 1661 585 1221 9066 8313 2164 9199 3658 3673 8160 6499 1958 9774 7371 1773 
28 3123 6980 1704 5675 5585 4983 9504 6215 4575 4638 9035 6582 5890 1188 9299 7681 2740 6387 7357 6132 2932 2579 9335 6534 2311 2544 4866 6732 
28 6130 4447 1842 6756 5968 2801 3479 9133 3724 2009 6069 1709 7072 339 8630 4112 645 6965 5750 1379 725 8075 349 4959 1626 4895 5021 4097 
28 4523 6770 8678 9632 1737 171 4730 2450 3715 6276 995 1630 9311 5427 8489 7763 5590 2070 524 5111 3793 5710 5765 4105 6709 9452 7362 5273 
28 2209 9136 7031 8875 7367 6767 466 2021 3037 8040 5304 4591 832 9844 2981 6380 6953 5419 7479 3690 6458 5872 5217 3510 5110 8582 1672 2661 
28 6340 2698 7475 6889 7232 5307 7061 380 8848 7268 5597 2986 1490 4161 4598 8223 6204 9647 326 9396 6297 8382 9657 6797 8708 6184 6157 98 
28 7662 7539 7173 4279 906 9241 9356 9583 6186 1248 3863 9728 403 777 3063 3458 193 5651 8444 8822 458 3861 9450 2427 5459 3092 9786 1315 
28 2440 3235 8492 2384 2353 7773 6267 9380 4758 6256 9173 2178 3456 3807 2800 2326 1918 3602 4763 7506 129 9210 5873 5515 251 2902 3468 9607 
28 3249 7606 656 6509 9640 2166 6634 5784 9808 7709 1419 5480 4402 2944 3175 2324 2692 5816 9085 4159 6401 8411 8852 8823 4271 7938 2532 3570 
28 2586 1125 6200 8890 4249 791 8375 8463 8687 3648 1899 7282 3246 8963 4669 2287 1673 762 4842 3566 727 5753 5300 3841 3014 1022 7903 7718 
28 138 1846 2365 7552 5117 397 7065 8022 1759 734 8067 1444 5905 2682 1137 8295 8867 2447 3433 454 2347 708 195 2964 2537 2067 1150 6055 
28 9111 7781 4751 1614 2253 4739 2258 8920 9990 1039 6856 6773 5611 680 3461 5746 9893 9405 9676 8856 9333 8888 316 6260 616 1486 4956 5473 
28 1808 1512 9361 9219 3139 5 9989 8423 4194 8493 9842 1206 5417 5761 2671 5268 3971 3193 4451 3732 3564 9259 5225 818 77 2716 5845 202 
28 9581 4805 7695 8733 1267 3118 8410 9795 7916 3683 8668 9871 9833 6176 3446 3662 5541 7823 5931 8825 7420 3990 5305 3141 192 5678 6404 496 
28 2446 8545 6765 4896 3150 8072 3949 2334 9149 5028 1349 67 237 2645 475 8031 3799 7813 9867 1230 9265 6679 1900 9557 1762 3207 1638 3071 
28 9888 1191 9441 5115 9520 4867 5683 6361 1609 2183 7131 5083 6367 1847 7586 9616 7206 302 2402 9897 6880 5437 9364 3848 6932 4954 5178 6179 
28 5588 5467 9743 6092 4186 6520 9121 9461 9338 9818 3379 359 6018 805 9935 3897 5484 3325 9749 5697 8091 1843 7139 651 9934 5849 3366 6596 
28 3423 2713 8565 3659 663 2912 1592 311 7046 8912 8677 353 865 143 3723 9283 6518 7231 8300 279 6372 3087 3947 7342 2709 8916 6947 277 
28 7851 7337 6151 3476 9268 1441 8913 5303 7680 9442 4431 584 3435 6272 3941 7013 4033 6326 646 9386 6831 3591 3577 6324 8081 4981 7593 3444 
28 9988 6668 6461 5377 9627 7957 43 8718 22 5133 6171 642 2408 2657 6418 6629 3927 6946 1806 7959 6070 1953 7967 6769 7770 448 8290 5836 
28 9543 5097 9131 3698 7579 9322 1487 2238 9851 2552 7036 7928 7877 5664 2549 4207 6758 9426 6232 4770 401 8508 6661 754 2094 3583 5257 1185 
28 7320 3104 8710 8625 1758 7728 91 1735 8441 3388 2725 9964 6178 2576 6696 8688 1537 2488 5986 4899 7571 7594 9903 640 9285 7726 7934 9431 
28 2265 6897 3575 4311 1390 8266 216 1944 2983 7664 3925 2826 2033 6508 2970 369 2419 5236 1246 9807 945 6840 2553 5819 6059 453 6960 7021 
28 6096 9031 5213 7982 2186 1257 2642 4478 6162 2061 2028 4290 9216 406 559 9598 2432 440 4604 1394 7565 3309 2079 2063 1474 4600 7926 5044 
28 7633 3181 5903 5516 9790 4587 3573 209 4545 893 1688 2643 5162 1744 1461 5737 5741 247 4742 5641 6700 8014 2336 1951 2275 390 2431 9404 
28 4967 3179 89 659 1421 1969 3114 6994 2542 3212 2928 5998 228 7104 1719 5646 2727 5389 8304 5288 1463 4620 7799 6838 6002 5471 6737 4747 
28 6950 436 8134 3746 3764 5051 4514 1433 6163 4396 1215 2946 1044 8015 3096 4109 5037 507 9920 9230 6645 6467 6579 5408 8695 5926 8062 447 
28 5798 3482 9747 2469 7790 3186 7349 2744 437 4542 2735 5404 3795 9455 210 733 3740 1910 1480 3485 3924 1570 8179 9667 1404 1615 6094 9882 
28 934 159 2649 4217 6237 6379 5857 499 266 4363 7727 2370 567 5993 3026 3677 56 2792 7133 9566 6165 9486 6702 3800 7413 4380 371 6017 
28 5260 9589 4951 1675 9123 785 8791 3439 2281 4559 9771 7188 2900 4602 533 4488 8028 7143 1291 9088 1605 9605 9948 9032 4615 5280 119 9768 
28 7584 1539 8850 7969 3177 9097 456 800 8641 8025 5904 301 3284 9448 1726 2581 2341 4648 2362 2742 3509 6592 312 5812 9805 9423 8187 1778 
28 2098 9248 5865 4957 5333 5542 3272 2687 9451 3508 4941 7645 2495 8334 557 3287 6180 4035 3569 5602 2880 3572 1005 2638 638 8893 1533 1235 
28 8097 1038 4765 350 4476 9678 2096 3647 1121 7670 2030 5488 8752 1642 1530 5695 9734 6124 9730 9125 4029 8485 2545 5677 6506 1385 6626 4875 
28 9351 8835 498 16 3291 4104 7605 2531 3100 1693 4857 8347 781 3269 6483 4280 6884 9671 6734 5754 8664 4810 2883 6077 9947 1446 696 5562 
28 102 7186 6640 1100 1554 4309 7299 7489 9491 1307 546 7983 55 6878 3747 4080 4149 1581 9758 3077 4626 5221 2392 3208 641 8305 7885 2157 
28 7995 8504 2524 2305 2747 9963 8320 9939 1326 6690 2547 644 4295 9501 9877 6166 7834 3824 6528 2871 5321 4971 661 3237 426 2345 8945 1990 
28 3815 3505 2813 7026 2395 589 2838 6205 6550 6824 3797 6145 510 3010 6502 9876 7676 7181 5708 1335 2180 4427 5575 5009 8782 574 8151 8964 
28 6669 994 49 8547 8530 5867 8970 5396 4938 1118 8260 39 1459 9411 1358 4845 2110 1231 483 6043 8181 8408 8169 4884 415 4224 5736 711 
28 295 5557 5197 9286 5598 7721 6676 3480 9994 8593 8499 4914 6581 5808 4637 1488 2972 3596 7003 8692 2486 8163 5016 3493 8117 8792 6639 7908 
28 6613 9887 4088 130 462 2992 164 435 3777 3487 715 9780 8722 7623 6426 2283 3869 8804 2131 9026 5414 9722 5380 8779 1543 7089 1211 4111 
28 5455 3492 9075 2472 6000 289 3804 2499 425 8603 4178 8813 2316 1761 3753 6841 5958 5098 3773 6333 6126 2089 8323 374 9705 3652 7194 1690 
28 9159 4433 5476 7230 9273 15 9803 9975 6535 51 9976 9993 8512 8066 4851 7126 6306 1845 9701 4778 9843 4729 1633 3946 6818 9422 7537 4821 
28 1386 839 7183 2244 4126 3755 1009 743 685 1692 1526 6954 6115 2632 3271 815 8960 7808 8230 5923 7444 1208 7197 9069 621 3345 9829 1954 
28 4065 8383 6888 8745 5400 6753 1243 4692 1797 6037 8369 8413 4835 5330 2010 5409 3928 5640 7832 348 921 3626 1318 8203 7280 2911 4897 6088 
28 4114 4303 9940 9933 627 6322 703 9936 6236 615 5509 872 3360 6337 5716 492 8401 5393 7373 1649 6031 8635 5155 1347 4973 9927 870 1993 
28 4960 2550 8080 6234 4715 515 6427 5177 2233 400 2097 8294 3121 1103 2540 254 5248 6288 2112 1757 6071 8065 5657 5764 1765 575 9866 9343 
28 8849 8730 5886 9019 4144 555 2622 5296 720 6015 7091 4515 8435 213 8348 3400 9387 5628 6900 6381 3966 1155 3498 1594 6704 7900 6189 7341 
28 7427 2583 6294 7724 5226 1681 9961 6419 8458 4792 4732 1908 4379 1829 1662 7795 4106 8684 705 6064 1534 7818 5709 7524 2942 491 1739 212 
28 9832 8152 4660 3914 2212 4817 3917 9310 1603 1089 2011 2184 1933 5122 1142 6075 6396 9567 7447 3428 315 146 1718 9878 573 4352 7294 2406 
28 4077 1691 5136 5349 6283 6280 5167 1174 261 9548 886 1389 9370 3502 7493 4756 5199 6045 6789 9009 1722 2421 3257 9082 7164 8596 1184 6843 
28 1587 1425 7496 8833 2535 4314 1865 4642 3234 2320 5192 3817 5438 6915 5727 4819 7437 9070 5927 495 9062 5518 2612 1685 9001 4913 1559 6246 
28 2851 626 6819 5895 2013 3318 8746 5639 2917 6329 203 1585 2416 6291 7167 8610 2111 8041 3776 1992 8405 4000 821 455 7738 8484 824 7049 
28 3042 8590 6778 9408 5005 5144 7412 4809 7993 1680 3402 310 9303 8925 1453 4072 9295 4191 1619 864 1324 9399 9637 8606 9134 9113 4881 4364 
28 4398 4246 4807 6117 3442 9915 4486 6389 5168 363 4665 2857 2878 9672 6156 7124 64 8116 631 853 1077 8428 8243 1790 6327 9071 3826 6942 
28 3660 1925 6595 3598 2051 1588 173 3420 2039 5490 8760 123 2017 8842 1636 1713 6353 4305 9611 4513 433 1018 5341 3112 3936 9398 6149 2587 
28 395 2864 1113 2140 879 7607 6007 901 2207 4520 9545 2647 9043 9824 3108 4113 3204 6039 9641 9656 9275 5814 9301 7052 486 7261 8589 8629 
28 8544 3632 5721 3278 3164 1787 5863 3243 2961 6847 8213 2887 855 5909 8560 9830 9169 5272 3142 3475 6259 114 7998 4287 3663 1655 8353 4014 
28 8551 5613 1779 2003 8237 7865 5125 2674 3500 2595 3892 4869 9250 4578 7431 9312 381 4534 8947 6285 1251 9849 9201 8555 7386 4872 8619 5227 
28 1109 352 1021 1809 3671 8462 7359 5457 8469 5121 4293 5699 1262 1029 1706 6432 1225 2321 8056 5625 4920 8202 8838 4593 7106 3148 7422 233 
28 666 8472 1924 2526 9754 8046 7538 7278 2846 4272 8153 1880 2121 3759 2151 2757 2653 6689 6527 6525 1384 3133 6593 4042 7396 2008 4354 6121 
28 4616 4949 810 6474 6556 1236 8012 8620 6553 9883 5592 8350 1280 7663 7725 8190 5013 1450 7127 5164 5902 3469 5120 5538 581 3308 2556 6656 
28 3511 7708 336 7516 9484 8526 33 9880 5861 1301 4243 9703 2314 6044 7310 6644 1117 2899 6957 2127 5961 8287 6751 9074 5344 5844 2075 2783 
28 5919 3628 1066 9224 2343 6580 6616 6369 7045 5879 4064 76 1126 3393 3514 1819 6334 1950 5572 5469 346 1529 7073 485 5569 4998 3868 7063 
28 333 7487 2005 1926 931 3049 4313 4395 5757 1671 1092 3490 4825 7346 5947 8168 9469 2702 2271 3789 2773 5824 1031 2667 9143 2189 2670 6730 
28 5262 1271 8017 2399 1241 2024 5925 4454 4799 7450 3277 7873 7312 7043 5067 2193 2695 7563 2460 7640 4528 4484 8940 1237 7518 9687 8412 7756 
28 9714 3247 6046 460 82 2519 3033 5163 8398 1259 4533 2355 1650 5450 3786 5758 4843 6526 7963 7780 6122 1274 6239 7644 8637 2881 6564 2582 
28 9145 3496 4238 4917 2664 2221 2129 107 1477 2835 7032 9821 71 7962 2869 6282 2445 8269 9083 2515 136 8531 1857 8672 7746 9765 7474 9837 
28 7136 9498 3027 7744 5940 610 851 3830 9006 6268 9917 7059 5108 2817 7953 7909 3567 5554 9195 4711 1814 9377 4319 4407 2718 2441 7772 6135 
28 2805 2202 7011 2396 3405 6255 8564 4452 4003 4929 9500 1163 2833 4098 4761 7200 211 9998 8868 176 8361 217 752 4631 5805 9080 2786 3021 
28 4141 5336 5069 2195 8820 8954 8958 1258 5769 1980 7284 933 5913 1294 9547 6786 9103 4654 6054 165 668 9972 3483 9170 1119 287 5717 3006 
28 1141 4397 5908 4442 7416 949 184 2409 3158 6711 5533 6310 3241 7077 1171 8129 6104 4865 2602 7821 7193 2588 823 7457 6867 9748 1522 7641 
28 6424 2090 5206 5116 1380 167 8756 9172 902 1545 7328 4582 1972 231 1409 5982 7630 1578 8671 3738 4102 9146 3542 7683 2866 1288 3218 1508 
28 13 6578 9506 5387 8063 6464 6341 7840 8004 323 9482 2610 2019 6484 4276 9214 9209 7292 1563 4142 4041 9859 5589 9582 196 3653 8583 411 
28 6808 7343 3471 7481 5999 6966 5435 8478 4174 6666 6820 8976 6612 9381 1392 7196 4496 1584 2344 3217 3624 1202 4908 2812 4228 9164 2213 3375 
28 1641 4632 9951 5461 229 4082 7239 6747 7202 5407 3280 911 9434 1879 7844 1606 9427 5989 3621 6549 9541 8126 6241 8535 3959 4197 7123 9255 
28 8099 5241 1746 2940 2815 1283 4673 5875 1895 4334 1166 5550 5974 6060 3477 3616 5447 4070 2592 7098 4859 8951 1874 978 6136 1079 3530 9558 
28 2378 4796 8286 8949 338 5058 8201 7960 7483 9274 4460 3982 9739 729 7831 1887 5539 2270 3945 9028 3874 8456 1443 4927 8068 321 6269 3531 
28 3363 8447 9236 5553 5148 9773 2868 2738 8042 1849 8862 1069 709 3034 2939 3978 9659 5131 535 4972 8806 8344 7480 9025 8218 3962 7854 2630 
28 654 2496 128 2252 4152 9874 6859 4315 8528 2646 9970 5289 600 863 2982 6539 7591 4847 9016 3395 1528 7687 7101 3729 41 6823 6240 2791 
28 7609 27 4996 4717 4910 6868 3019 1525 6300 6364 972 1747 1489 6945 5786 981 6861 8626 1803 104 1200 3526 9348 1470 5725 501 2829 7187 
28 3256 8207 7694 968 421 3733 6990 9437 3156 3989 3743 4689 3124 782 8796 1122 9674 8480 4372 6346 364 8252 18 7647 7411 2959 4962 4977 
28 1769 9288 288 1835 9428 4694 7891 7768 4640 7462 5175 8931 7340 918 5477 7888 756 8396 2045 4269 4022 7169 695 2261 2776 8487 7805 6647 
28 7426 7918 854 3350 6504 73 319 3430 3185 4958 4921 9677 3488 7290 8787 7515 4610 4085 6863 3140 5743 9449 10 5402 6921 4237 4714 7774 
28 6845 275 1816 9592 2841 8651 7800 484 8476 6697 753 9092 6206 3585 3180 802 6617 241 9511 3792 1513 5025 4505 8520 2819 8953 9100 8114 
28 1753 3775 2418 1417 9751 9391 1344 9350 9554 9889 1309 8769 225 7739 1413 7558 3043 2113 1823 6987 329 4342 8690 1254 6159 3168 9697 7886 
28 9282 9243 2855 8049 6073 6016 2770 1420 5434 313 5964 5694 5894 3568 1667 5479 4094 2886 9896 4781 6923 9305 4270 889 1509 8272 4422 8351 
28 4852 1062 1186 3932 3744 6242 9665 3520 6328 8122 6705 3453 4215 8255 6450 8860 4470 5340 772 3296 6514 1372 9508 4008 1881 8918 950 537 
28 8267 846 5077 9606 5258 6304 2608 5390 8274 4652 4504 258 9655 1936 7233 7385 9140 8587 2726 7372 469 8079 6619 1786 2567 7789 3901 1596 
28 1965 766 8781 9559 5520 408 5228 9393 5969 8150 5413 8335 249 2428 7924 5505 3891 7064 5636 8524 9938 3221 7666 6022 6503 6028 6235 3436 
28 1788 9850 271 2042 1890 2279 4137 2794 2179 4997 1724 8832 9278 7973 9552 938 4740 905 2941 8086 6144 3002 5719 4490 4820 2616 836 5674 
28 746 9992 915 5696 2966 3267 7777 9182 3167 4579 9812 8552 9280 568 5202 611 649 6443 4618 2023 867 2074 6602 1181 7617 5918 4832 5638 
28 6885 3929 8297 2769 5574 4304 3741 4048 8680 3908 2522 6814 2818 7696 5767 2475 8029 4299 2662 488 162 963 7461 197 7152 4561 9968 8898 
28 8595 23 1491 3866 8445 1913 3090 6738 565 7812 70 4136 954 3974 2220 1456 2043 3327 5139 3397 1475 3655 6273 894 4479 2357 6332 4712 
28 4322 9538 7014 9804 9139 8991 8285 3427 980 4647 6914 7766 7701 6406 5191 1496 335 538 4861 1273 2002 6089 7019 8527 9679 556 2634 5644 
28 1764 6785 5938 5751 5713 7381 7526 7356 4229 5070 7925 3955 5847 2973 2369 4934 2309 9156 6307 1844 7904 293 3374 9020 1316 9916 5635 4871 
28 962 9447 7358 9811 5460 6794 6866 4950 4831 1360 5311 778 5854 3806 2032 9050 955 1732 9875 1510 7198 506 5571 1995 1115 8959 3956 8670 
28 2452 6683 5917 2963 2906 6292 5637 2613 6230 3565 6893 9051 3879 861 604 6223 4164 2929 72 8705 6642 5992 3066 6251 2712 8941 6524 3876 
28 9321 6796 4067 5171 2147 221 4069 7240 4885 1074 8889 5000 3819 5839 700 3370 1161 4609 8608 7051 1987 1827 5234 5582 9542 8228 4540 2494 
28 993 8468 7529 9039 3 6481 4298 243 5278 5382 6033 2897 9365 947 7012 6451 7500 5495 4023 8767 4536 8962 7486 5946 9710 6266 4585 2367 
28 7822 6687 7611 3126 6313 8681 1238 8646 7105 9254 1647 5249 5579 2551 9177 8288 8720 3276 6127 7825 8785 9318 8393 3459 5559 9463 3957 5690 
28 4804 7216 736 6961 3557 8726 7117 2158 1028 8877 2426 5818 7589 2967 1517 9564 7999 812 992 9614 6118 9176 3586 4961 5809 3958 2781 7652 
28 445 3665 6664 896 2914 5610 6105 9675 1032 7419 648 4316 331 2413 5752 5662 4570 8571 7093 4606 4709 5452 8836 856 9148 587 5481 9802 
28 7828 553 4503 9884 9033 9165 3541 6212 670 4691 4774 6693 394 9261 1830 5730 505 912 9901 6558 4558 7567 2437 3219 8979 2487 3305 8395 
28 9215 8128 2916 9128 4697 8421 3205 3489 7629 2802 6918 5770 7247 125 1063 8051 6807 2229 3714 8457 3032 7452 6541 8747 3173 1464 1928 6480 
28 8407 6425 6959 2755 3992 6485 5079 8741 4247 7876 199 2935 2859 4045 5842 6698 9999 6487 3089 5676 5762 4426 8706 5615 6447 3226 3381 7907 
28 3236 3551 7042 2736 5082 4053 8093 888 9231 7415 3494 2913 4092 5093 7656 7212 8196 7103 2997 5267 8467 6636 2978 7551 4702 5543 5361 9982 
28 9328 6671 417 7351 6278 5714 8494 8828 1620 472 4990 2020 683 1314 1353 6594 9419 6938 6691 8662 9715 2363 735 4320 1393 5054 9403 9914 
28 8057 3503 5529 8841 3845 3238 2673 7561 1081 9376 9815 5291 5118 6749 4312 7564 8773 5672 4359 3357 6196 7204 5445 3842 7991 24 3202 5987 
28 9155 6597 8592 6925 5680 1165 1542 8553 9798 1207 5420 545 799 3382 5718 4727 6621 3432 3248 5271 6194 8449 1978 9766 843 3074 6842 7559 
28 3233 3856 1909 8885 8751 7158 320 9533 3654 4241 7776 3846 8538 8814 2348 4027 2407 2118 4016 5630 7269 8157 1974 7713 1428 2999 5365 3048 
28 2711 4236 3316 9130 4716 81 8968 2536 848 257 4945 7958 8352 6253 9595 2034 7622 755 4086 4464 8069 9013 1061 2328 6533 5092 8132 5392 
28 2672 7720 8513 961 9974 5990 630 6971 5090 2457 8878 8144 4599 2500 2837 2187 8837 7410 6839 4508 5264 7562 1811 1834 1629 7817 2969 3386 
28 5062 6001 9251 9378 2168 1276 9864 3821 9425 7815 5951 1988 2977 5027 9359 86 8226 6110 8459 5929 1438 1501 464 7453 2514 8225 4526 7936 
28 9858 9791 6623 9052 5896 208 590 6538 5510 8689 5064 3631 2606 4160 4368 5731 6403 2333 4894 5871 890 6733 5286 6339 2093 1550 7654 7134 
28 2636 476 2263 3264 1631 5478 9055 6979 3130 1290 2924 5811 6386 7588 9673 3886 650 9709 8997 3915 707 9374 7977 4450 5549 6988 6498 9510 
28 7914 2795 227 1278 7769 5229 5188 6274 7468 3774 1493 3416 3923 8886 917 4434 2568 1216 1087 6896 3230 2199 6981 1281 5870 3138 4256 3107 
28 671 5049 8969 3682 952 7086 5670 8911 219 5384 8859 6510 1176 9185 9453 4614 7803 4706 5778 7646 9638 7665 8433 6325 7050 4592 6810 5823 
28 4760 8406 1751 9785 3412 6746 9565 7880 1810 1269 1000 8437 5080 989 4120 1536 9021 2700 1006 9000 7303 2875 6782 2618 6153 7002 8774 7215 
28 558 5967 6992 8829 404 1740 6167 3299 3912 5687 5440 2412 428 9367 2739 6653 2945 2690 3245 4731 2240 7902 732 6713 5685 4827 5953 3504 
28 5354 7030 5794 3259 3323 3332 1414 7541 3678 5119 7071 6454 8989 4617 8621 2888 3890 4143 5468 5891 1388 1658 8084 5294 2571 9723 3403 6164 
28 4473 3991 2836 170 1220 7668 308 4672 5369 2654 9368 7076 1962 8137 3853 2979 6302 4812 3252 7507 6834 6254 9661 4584 47 8011 1484 2155 
28 1472 6347 2604 8906 5423 3242 4828 1299 2937 7784 8253 4212 9618 3003 4317 5546 386 3419 7956 5563 8173 137 932 6832 860 1369 6955 7540 
28 2993 1247 9492 3064 1448 5318 745 2853 6331 5142 1228 3434 7989 2903 2006 5378 7994 8023 9518 3365 6886 5932 2694 7125 9579 6881 3769 2611 
28 6638 286 5564 5310 1855 9027 385 1485 4325 2286 2100 6674 7157 6996 9729 9757 7218 481 6020 6870 5004 7339 186 4020 1939 4699 3038 124 
28 2652 2335 6890 3417 2752 53 9394 5053 987 2558 3315 3563 259 8149 6846 3129 1848 8119 3638 6373 7530 1129 9198 8845 253 4058 8387 6537 
28 3384 9826 5740 2037 9263 9856 4975 2435 8638 5023 3055 5791 9490 5720 4365 388 4780 2029 9337 6023 1703 3823 5039 4746 6783 7435 2810 7911 
28 3877 4066 563 5128 1210 6027 2918 3604 8262 4292 5096 7377 2092 5015 5732 2315 222 5186 8331 7685 5933 6517 5140 121 2170 7246 8092 5208 
28 7735 7222 7581 3172 5829 738 1593 6744 4521 3105 4435 1960 1144 1249 7859 9400 5056 5385 4357 3900 3413 7055 9620 7868 4412 9615 5418 1651 
28 5233 8983 4481 1499 8584 9302 883 4145 4370 2243 4564 1524 2465 8807 7199 9292 3319 5357 4719 7504 9682 6801 6911 9524 6308 7319 2215 7260 
28 9211 6319 1407 4480 4834 1133 956 2950 8728 6385 4728 4344 4930 9010 9707 8759 8336 2173 5605 3052 2196 6420 7440 8219 2523 8743 6650 7417 
28 306 6154 6093 4436 9816 6125 4597 5512 1839 4095 3484 5442 8426 6892 9390 8175 3895 9706 7083 2641 3115 1646 3838 9277 8559 6397 8240 4184 
28 2823 1364 5898 4006 6211 7176 690 8263 7142 9634 5329 2188 5451 7298 8490 3250 4406 5415 7632 9226 7302 9680 3424 7094 5231 7843 8768 849 
28 8039 5583 5511 3373 9515 908 6112 2027 4264 3850 9593 6449 239 4420 6624 6119 4946 5773 6555 3017 3750 6774 828 1576 6013 8574 7850 6202 
28 8315 5008 450 6936 6113 795 9238 9495 1871 7291 4818 6098 5024 6026 6175 5622 8319 4404 8839 9271 4013 9108 4979 2927 5907 467 8514 9958 
28 5370 5595 4318 8872 5448 1612 6437 141 7693 8794 9857 292 1102 1721 8550 1840 1088 5150 6394 748 7920 7301 4468 6761 6181 9293 6264 6787 
28 9872 4338 9470 8438 3391 5883 5916 8251 7390 2055 4443 1915 6352 8436 3963 8529 5825 3378 6775 6529 4073 2619 7857 4664 3601 5667 1106 2678 
28 9284 1035 8481 850 3898 4530 5433 4134 5802 6412 8245 2548 3849 1853 9712 1832 3004 536 7762 5421 7686 7659 8045 3098 6305 8024 3106 8696 
28 7418 7704 928 8327 5658 8500 2782 8649 7755 3545 1622 8558 8332 2534 4332 1876 1341 1625 5458 1356 3206 2669 3995 1728 6360 4683 4254 9481 
28 3968 5939 3383 9669 8765 1794 7598 5315 1679 5059 6586 1742 9769 5135 3401 9852 2663 3728 347 122 9114 1912 6209 859 5276 6762 8539 1298 
28 3611 698 5156 2506 5860 813 7028 2679 7597 6472 7753 9187 3798 3377 6692 5648 4555 8921 1201 8735 1979 7905 6659 1580 1975 3758 1313 5320 
28 8404 551 1014 7650 5436 5671 964 3934 2601 833 9281 7554 6993 4925 7088 3641 6940 7848 1252 9746 3338 6101 25 4905 5633 368 4923 4625 
28 4759 5532 5031 422 6922 4252 8239 4083 5570 8330 4281 2780 4132 643 9326 3512 8217 744 7582 8704 9298 1232 3910 9713 1943 1801 7533 7460 
28 3198 8432 8851 676 1562 1042 9235 2433 6296 4163 7000 1034 7846 382 1451 6350 7248 1336 8138 9102 3358 6316 1527 4531 1798 5507 6561 1868 
28 9054 5245 502 3462 837 1994 7464 6615 974 5189 452 741 2390 5833 920 7778 5806 1931 1884 8729 9048 9205 8647 2962 6660 4518 1665 5486 
28 6891 5041 4808 6459 4784 2106 513 8256 5975 7135 5036 3020 986 2546 4414 6226 3013 2133 4399 4330 7254 7389 9572 1209 2105 8891 5551 5065 
28 1377 8568 6935 8324 3050 3836 3079 6764 9289 5238 3986 2044 2877 5265 8882 5485 1611 5617 6505 5338 6108 1989 2991 7517 7810 4590 2493 4789 
28 1660 1893 6699 7976 6912 4030 7513 8249 8874 8309 1708 4873 9081 6345 5104 6565 1351 1213 7283 3999 160 9879 5624 2990 480 2291 2456 5666 
28 5955 6600 3302 5483 6869 7286 8532 3429 6160 9093 4882 4284 3415 1418 9355 5594 6079 1652 4879 3768 9684 4462 3084 8810 6573 2119 3580 8314 
28 1415 523 5185 5298 6995 62 9546 1932 3887 3835 521 3721 5219 9217 48 9794 5242 2453 7783 9519 5607 6926 7754 1815 3993 3840 1345 5707 
28 9925 4701 2557 4607 7625 3346 3348 8506 550 8511 6574 6813 858 376 6706 9483 8310 4572 508 5494 7137 9536 6139 1812 4682 340 2668 2681 
